100717 13:35:57  InnoDB: Started; log sequence number 0 46419
100717 13:35:59 [Note] Event Scheduler: Loaded 0 events
100717 13:36:00 [Note] mysql\bin\mysqld.exe: ready for connections.
Version: '5.1.30-community'  socket: ''  port: 3306  MySQL Community Server (GPL)
100717 13:46:42  InnoDB: Started; log sequence number 0 46419
100717 13:46:43 [Note] Event Scheduler: Loaded 0 events
100717 13:46:43 [Note] mysql\bin\mysqld.exe: ready for connections.
Version: '5.1.30-community'  socket: ''  port: 3306  MySQL Community Server (GPL)
100717 14:42:52  InnoDB: Started; log sequence number 0 46419
100717 14:42:53 [Note] Event Scheduler: Loaded 0 events
100717 14:42:53 [Note] mysql\bin\mysqld.exe: ready for connections.
Version: '5.1.30-community'  socket: ''  port: 3306  MySQL Community Server (GPL)
100717 14:49:40  InnoDB: Started; log sequence number 0 46419
100717 14:49:40 [Note] Event Scheduler: Loaded 0 events
100717 14:49:40 [Note] mysql\bin\mysqld.exe: ready for connections.
Version: '5.1.30-community'  socket: ''  port: 3306  MySQL Community Server (GPL)
100717 14:50:27  InnoDB: Started; log sequence number 0 46419
100717 14:50:27 [Note] Event Scheduler: Loaded 0 events
100717 14:50:27 [Note] mysql\bin\mysqld.exe: ready for connections.
Version: '5.1.30-community'  socket: ''  port: 3306  MySQL Community Server (GPL)
100717 14:54:50  InnoDB: Started; log sequence number 0 46419
100717 14:54:50 [Note] Event Scheduler: Loaded 0 events
100717 14:54:50 [Note] mysql\bin\mysqld.exe: ready for connections.
Version: '5.1.30-community'  socket: ''  port: 3306  MySQL Community Server (GPL)
100717 14:55:29  InnoDB: Started; log sequence number 0 46419
100717 14:55:29 [Note] Event Scheduler: Loaded 0 events
100717 14:55:29 [Note] mysql\bin\mysqld.exe: ready for connections.
Version: '5.1.30-community'  socket: ''  port: 3306  MySQL Community Server (GPL)
100717 15:00:56  InnoDB: Started; log sequence number 0 46419
100717 15:00:56 [Note] Event Scheduler: Loaded 0 events
100717 15:00:56 [Note] mysql\bin\mysqld.exe: ready for connections.
Version: '5.1.30-community'  socket: ''  port: 3306  MySQL Community Server (GPL)
100717 15:01:24  InnoDB: Started; log sequence number 0 46419
100717 15:01:24 [Note] Event Scheduler: Loaded 0 events
100717 15:01:24 [Note] mysql\bin\mysqld.exe: ready for connections.
Version: '5.1.30-community'  socket: ''  port: 3306  MySQL Community Server (GPL)
100717 15:03:53  InnoDB: Started; log sequence number 0 46419
100717 15:03:53 [Note] Event Scheduler: Loaded 0 events
100717 15:03:53 [Note] mysql\bin\mysqld.exe: ready for connections.
Version: '5.1.30-community'  socket: ''  port: 3306  MySQL Community Server (GPL)
100717 15:15:29  InnoDB: Started; log sequence number 0 46419
100717 15:15:29 [Note] Event Scheduler: Loaded 0 events
100717 15:15:29 [Note] mysql\bin\mysqld.exe: ready for connections.
Version: '5.1.30-community'  socket: ''  port: 3306  MySQL Community Server (GPL)
100717 15:17:45  InnoDB: Started; log sequence number 0 46419
100717 15:17:46 [Note] Event Scheduler: Loaded 0 events
100717 15:17:46 [Note] mysql\bin\mysqld.exe: ready for connections.
Version: '5.1.30-community'  socket: ''  port: 3306  MySQL Community Server (GPL)
100717 15:18:41  InnoDB: Started; log sequence number 0 46419
100717 15:18:41 [Note] Event Scheduler: Loaded 0 events
100717 15:18:41 [Note] mysql\bin\mysqld.exe: ready for connections.
Version: '5.1.30-community'  socket: ''  port: 3306  MySQL Community Server (GPL)
100717 15:19:14  InnoDB: Started; log sequence number 0 46419
100717 15:19:14 [Note] Event Scheduler: Loaded 0 events
100717 15:19:14 [Note] mysql\bin\mysqld.exe: ready for connections.
Version: '5.1.30-community'  socket: ''  port: 3306  MySQL Community Server (GPL)
100717 15:21:03  InnoDB: Started; log sequence number 0 46419
100717 15:21:03 [Note] Event Scheduler: Loaded 0 events
100717 15:21:03 [Note] mysql\bin\mysqld.exe: ready for connections.
Version: '5.1.30-community'  socket: ''  port: 3306  MySQL Community Server (GPL)
100717 15:21:51  InnoDB: Started; log sequence number 0 46419
100717 15:21:51 [Note] Event Scheduler: Loaded 0 events
100717 15:21:51 [Note] mysql\bin\mysqld.exe: ready for connections.
Version: '5.1.30-community'  socket: ''  port: 3306  MySQL Community Server (GPL)
100717 15:24:50  InnoDB: Started; log sequence number 0 46419
100717 15:24:50 [Note] Event Scheduler: Loaded 0 events
100717 15:24:50 [Note] mysql\bin\mysqld.exe: ready for connections.
Version: '5.1.30-community'  socket: ''  port: 3306  MySQL Community Server (GPL)
100717 15:52:41  InnoDB: Started; log sequence number 0 46419
100717 15:52:41 [Note] Event Scheduler: Loaded 0 events
100717 15:52:41 [Note] mysql\bin\mysqld.exe: ready for connections.
Version: '5.1.30-community'  socket: ''  port: 3306  MySQL Community Server (GPL)
100717 15:54:41  InnoDB: Started; log sequence number 0 46419
100717 15:54:41 [Note] Event Scheduler: Loaded 0 events
100717 15:54:41 [Note] mysql\bin\mysqld.exe: ready for connections.
Version: '5.1.30-community'  socket: ''  port: 3306  MySQL Community Server (GPL)
100717 15:58:02  InnoDB: Started; log sequence number 0 46419
100717 15:58:02 [Note] Event Scheduler: Loaded 0 events
100717 15:58:02 [Note] mysql\bin\mysqld.exe: ready for connections.
Version: '5.1.30-community'  socket: ''  port: 3306  MySQL Community Server (GPL)
100717 15:58:51  InnoDB: Started; log sequence number 0 46419
100717 15:58:51 [Note] Event Scheduler: Loaded 0 events
100717 15:58:51 [Note] mysql\bin\mysqld.exe: ready for connections.
Version: '5.1.30-community'  socket: ''  port: 3306  MySQL Community Server (GPL)
100717 16:09:23  InnoDB: Started; log sequence number 0 46419
100717 16:09:23 [Note] Event Scheduler: Loaded 0 events
100717 16:09:23 [Note] mysql\bin\mysqld.exe: ready for connections.
Version: '5.1.30-community'  socket: ''  port: 3306  MySQL Community Server (GPL)
100717 16:11:53  InnoDB: Started; log sequence number 0 46419
100717 16:11:53 [Note] Event Scheduler: Loaded 0 events
100717 16:11:53 [Note] mysql\bin\mysqld.exe: ready for connections.
Version: '5.1.30-community'  socket: ''  port: 3306  MySQL Community Server (GPL)
100717 16:12:36  InnoDB: Started; log sequence number 0 46419
100717 16:12:36 [Note] Event Scheduler: Loaded 0 events
100717 16:12:36 [Note] mysql\bin\mysqld.exe: ready for connections.
Version: '5.1.30-community'  socket: ''  port: 3306  MySQL Community Server (GPL)
100717 16:13:49  InnoDB: Started; log sequence number 0 46419
100717 16:13:49 [Note] Event Scheduler: Loaded 0 events
100717 16:13:49 [Note] mysql\bin\mysqld.exe: ready for connections.
Version: '5.1.30-community'  socket: ''  port: 3306  MySQL Community Server (GPL)
100717 16:19:00  InnoDB: Started; log sequence number 0 46419
100717 16:19:00 [Note] Event Scheduler: Loaded 0 events
100717 16:19:00 [Note] mysql\bin\mysqld.exe: ready for connections.
Version: '5.1.30-community'  socket: ''  port: 3306  MySQL Community Server (GPL)
100717 16:23:53  InnoDB: Started; log sequence number 0 46419
100717 16:23:53 [Note] Event Scheduler: Loaded 0 events
100717 16:23:53 [Note] mysql\bin\mysqld.exe: ready for connections.
Version: '5.1.30-community'  socket: ''  port: 3306  MySQL Community Server (GPL)
100717 16:26:30  InnoDB: Started; log sequence number 0 46419
100717 16:26:30 [Note] Event Scheduler: Loaded 0 events
100717 16:26:30 [Note] mysql\bin\mysqld.exe: ready for connections.
Version: '5.1.30-community'  socket: ''  port: 3306  MySQL Community Server (GPL)
100717 16:29:01  InnoDB: Started; log sequence number 0 46419
100717 16:29:01 [Note] Event Scheduler: Loaded 0 events
100717 16:29:01 [Note] mysql\bin\mysqld.exe: ready for connections.
Version: '5.1.30-community'  socket: ''  port: 3306  MySQL Community Server (GPL)
100717 16:31:19  InnoDB: Started; log sequence number 0 46419
100717 16:31:19 [Note] Event Scheduler: Loaded 0 events
100717 16:31:19 [Note] mysql\bin\mysqld.exe: ready for connections.
Version: '5.1.30-community'  socket: ''  port: 3306  MySQL Community Server (GPL)
100717 16:32:32  InnoDB: Started; log sequence number 0 46419
100717 16:32:32 [Note] Event Scheduler: Loaded 0 events
100717 16:32:32 [Note] mysql\bin\mysqld.exe: ready for connections.
Version: '5.1.30-community'  socket: ''  port: 3306  MySQL Community Server (GPL)
100717 16:33:27  InnoDB: Started; log sequence number 0 46419
100717 16:33:27 [Note] Event Scheduler: Loaded 0 events
100717 16:33:27 [Note] mysql\bin\mysqld.exe: ready for connections.
Version: '5.1.30-community'  socket: ''  port: 3306  MySQL Community Server (GPL)
100717 16:34:42  InnoDB: Started; log sequence number 0 46419
100717 16:34:42 [Note] Event Scheduler: Loaded 0 events
100717 16:34:42 [Note] mysql\bin\mysqld.exe: ready for connections.
Version: '5.1.30-community'  socket: ''  port: 3306  MySQL Community Server (GPL)
100718 11:49:52  InnoDB: Started; log sequence number 0 46419
100718 11:49:52 [Note] Event Scheduler: Loaded 0 events
100718 11:49:52 [Note] mysql\bin\mysqld.exe: ready for connections.
Version: '5.1.30-community'  socket: ''  port: 3306  MySQL Community Server (GPL)
100718 11:53:38  InnoDB: Started; log sequence number 0 46419
100718 11:53:39 [Note] Event Scheduler: Loaded 0 events
100718 11:53:39 [Note] mysql\bin\mysqld.exe: ready for connections.
Version: '5.1.30-community'  socket: ''  port: 3306  MySQL Community Server (GPL)
100718 12:02:32  InnoDB: Started; log sequence number 0 46419
100718 12:02:32 [Note] Event Scheduler: Loaded 0 events
100718 12:02:32 [Note] mysql\bin\mysqld.exe: ready for connections.
Version: '5.1.30-community'  socket: ''  port: 3306  MySQL Community Server (GPL)
100718 12:07:25  InnoDB: Started; log sequence number 0 46419
100718 12:07:25 [Note] Event Scheduler: Loaded 0 events
100718 12:07:25 [Note] mysql\bin\mysqld.exe: ready for connections.
Version: '5.1.30-community'  socket: ''  port: 3306  MySQL Community Server (GPL)
100718 12:10:33  InnoDB: Started; log sequence number 0 46419
100718 12:10:33 [Note] Event Scheduler: Loaded 0 events
100718 12:10:33 [Note] mysql\bin\mysqld.exe: ready for connections.
Version: '5.1.30-community'  socket: ''  port: 3306  MySQL Community Server (GPL)
100718 12:14:51  InnoDB: Operating system error number 32 in a file operation.
InnoDB: The error means that another program is using InnoDB's files.
InnoDB: This might be a backup or antivirus software or another instance
InnoDB: of MySQL. Please close it to get rid of this error.
100718 12:15:01  InnoDB: Operating system error number 32 in a file operation.
InnoDB: The error means that another program is using InnoDB's files.
InnoDB: This might be a backup or antivirus software or another instance
InnoDB: of MySQL. Please close it to get rid of this error.
100718 12:15:11  InnoDB: Operating system error number 32 in a file operation.
InnoDB: The error means that another program is using InnoDB's files.
InnoDB: This might be a backup or antivirus software or another instance
InnoDB: of MySQL. Please close it to get rid of this error.
100718 12:15:21  InnoDB: Operating system error number 32 in a file operation.
InnoDB: The error means that another program is using InnoDB's files.
InnoDB: This might be a backup or antivirus software or another instance
InnoDB: of MySQL. Please close it to get rid of this error.
100718 12:15:31  InnoDB: Operating system error number 32 in a file operation.
InnoDB: The error means that another program is using InnoDB's files.
InnoDB: This might be a backup or antivirus software or another instance
InnoDB: of MySQL. Please close it to get rid of this error.
100718 12:15:41  InnoDB: Operating system error number 32 in a file operation.
InnoDB: The error means that another program is using InnoDB's files.
InnoDB: This might be a backup or antivirus software or another instance
InnoDB: of MySQL. Please close it to get rid of this error.
100718 12:15:51  InnoDB: Operating system error number 32 in a file operation.
InnoDB: The error means that another program is using InnoDB's files.
InnoDB: This might be a backup or antivirus software or another instance
InnoDB: of MySQL. Please close it to get rid of this error.
100718 12:16:01  InnoDB: Operating system error number 32 in a file operation.
InnoDB: The error means that another program is using InnoDB's files.
InnoDB: This might be a backup or antivirus software or another instance
InnoDB: of MySQL. Please close it to get rid of this error.
100718 12:16:11  InnoDB: Operating system error number 32 in a file operation.
InnoDB: The error means that another program is using InnoDB's files.
InnoDB: This might be a backup or antivirus software or another instance
InnoDB: of MySQL. Please close it to get rid of this error.
100718 12:16:21  InnoDB: Operating system error number 32 in a file operation.
InnoDB: The error means that another program is using InnoDB's files.
InnoDB: This might be a backup or antivirus software or another instance
InnoDB: of MySQL. Please close it to get rid of this error.
100718 12:16:32  InnoDB: Operating system error number 32 in a file operation.
InnoDB: The error means that another program is using InnoDB's files.
InnoDB: This might be a backup or antivirus software or another instance
InnoDB: of MySQL. Please close it to get rid of this error.
100718 12:16:42  InnoDB: Operating system error number 32 in a file operation.
InnoDB: The error means that another program is using InnoDB's files.
InnoDB: This might be a backup or antivirus software or another instance
InnoDB: of MySQL. Please close it to get rid of this error.
100718 12:16:52  InnoDB: Operating system error number 32 in a file operation.
InnoDB: The error means that another program is using InnoDB's files.
InnoDB: This might be a backup or antivirus software or another instance
InnoDB: of MySQL. Please close it to get rid of this error.
100718 12:17:02  InnoDB: Operating system error number 32 in a file operation.
InnoDB: The error means that another program is using InnoDB's files.
InnoDB: This might be a backup or antivirus software or another instance
InnoDB: of MySQL. Please close it to get rid of this error.
100718 12:17:12  InnoDB: Operating system error number 32 in a file operation.
InnoDB: The error means that another program is using InnoDB's files.
InnoDB: This might be a backup or antivirus software or another instance
InnoDB: of MySQL. Please close it to get rid of this error.
100718 12:17:22  InnoDB: Operating system error number 32 in a file operation.
InnoDB: The error means that another program is using InnoDB's files.
InnoDB: This might be a backup or antivirus software or another instance
InnoDB: of MySQL. Please close it to get rid of this error.
100718 12:17:32  InnoDB: Operating system error number 32 in a file operation.
InnoDB: The error means that another program is using InnoDB's files.
InnoDB: This might be a backup or antivirus software or another instance
InnoDB: of MySQL. Please close it to get rid of this error.
100718 12:17:42  InnoDB: Operating system error number 32 in a file operation.
InnoDB: The error means that another program is using InnoDB's files.
InnoDB: This might be a backup or antivirus software or another instance
InnoDB: of MySQL. Please close it to get rid of this error.
100718 12:17:52  InnoDB: Operating system error number 32 in a file operation.
InnoDB: The error means that another program is using InnoDB's files.
InnoDB: This might be a backup or antivirus software or another instance
InnoDB: of MySQL. Please close it to get rid of this error.
100718 12:21:08  InnoDB: Operating system error number 32 in a file operation.
InnoDB: The error means that another program is using InnoDB's files.
InnoDB: This might be a backup or antivirus software or another instance
InnoDB: of MySQL. Please close it to get rid of this error.
100718 12:21:19  InnoDB: Operating system error number 32 in a file operation.
InnoDB: The error means that another program is using InnoDB's files.
InnoDB: This might be a backup or antivirus software or another instance
InnoDB: of MySQL. Please close it to get rid of this error.
100718 12:21:29  InnoDB: Operating system error number 32 in a file operation.
InnoDB: The error means that another program is using InnoDB's files.
InnoDB: This might be a backup or antivirus software or another instance
InnoDB: of MySQL. Please close it to get rid of this error.
100718 12:21:39  InnoDB: Operating system error number 32 in a file operation.
InnoDB: The error means that another program is using InnoDB's files.
InnoDB: This might be a backup or antivirus software or another instance
InnoDB: of MySQL. Please close it to get rid of this error.
100718 12:21:49  InnoDB: Operating system error number 32 in a file operation.
InnoDB: The error means that another program is using InnoDB's files.
InnoDB: This might be a backup or antivirus software or another instance
InnoDB: of MySQL. Please close it to get rid of this error.
100718 12:21:59  InnoDB: Operating system error number 32 in a file operation.
InnoDB: The error means that another program is using InnoDB's files.
InnoDB: This might be a backup or antivirus software or another instance
InnoDB: of MySQL. Please close it to get rid of this error.
100718 12:23:13  InnoDB: Operating system error number 32 in a file operation.
InnoDB: The error means that another program is using InnoDB's files.
InnoDB: This might be a backup or antivirus software or another instance
InnoDB: of MySQL. Please close it to get rid of this error.
100718 12:23:23  InnoDB: Operating system error number 32 in a file operation.
InnoDB: The error means that another program is using InnoDB's files.
InnoDB: This might be a backup or antivirus software or another instance
InnoDB: of MySQL. Please close it to get rid of this error.
100718 12:23:33  InnoDB: Operating system error number 32 in a file operation.
InnoDB: The error means that another program is using InnoDB's files.
InnoDB: This might be a backup or antivirus software or another instance
InnoDB: of MySQL. Please close it to get rid of this error.
100718 12:23:43  InnoDB: Operating system error number 32 in a file operation.
InnoDB: The error means that another program is using InnoDB's files.
InnoDB: This might be a backup or antivirus software or another instance
InnoDB: of MySQL. Please close it to get rid of this error.
100718 12:23:53  InnoDB: Operating system error number 32 in a file operation.
InnoDB: The error means that another program is using InnoDB's files.
InnoDB: This might be a backup or antivirus software or another instance
InnoDB: of MySQL. Please close it to get rid of this error.
100718 12:24:04  InnoDB: Operating system error number 32 in a file operation.
InnoDB: The error means that another program is using InnoDB's files.
InnoDB: This might be a backup or antivirus software or another instance
InnoDB: of MySQL. Please close it to get rid of this error.
100718 12:24:14  InnoDB: Operating system error number 32 in a file operation.
InnoDB: The error means that another program is using InnoDB's files.
InnoDB: This might be a backup or antivirus software or another instance
InnoDB: of MySQL. Please close it to get rid of this error.
100718 12:24:24  InnoDB: Operating system error number 32 in a file operation.
InnoDB: The error means that another program is using InnoDB's files.
InnoDB: This might be a backup or antivirus software or another instance
InnoDB: of MySQL. Please close it to get rid of this error.
100718 12:24:34  InnoDB: Operating system error number 32 in a file operation.
InnoDB: The error means that another program is using InnoDB's files.
InnoDB: This might be a backup or antivirus software or another instance
InnoDB: of MySQL. Please close it to get rid of this error.
100718 12:24:44  InnoDB: Operating system error number 32 in a file operation.
InnoDB: The error means that another program is using InnoDB's files.
InnoDB: This might be a backup or antivirus software or another instance
InnoDB: of MySQL. Please close it to get rid of this error.
100718 12:24:54  InnoDB: Operating system error number 32 in a file operation.
InnoDB: The error means that another program is using InnoDB's files.
InnoDB: This might be a backup or antivirus software or another instance
InnoDB: of MySQL. Please close it to get rid of this error.
100718 12:25:04  InnoDB: Operating system error number 32 in a file operation.
InnoDB: The error means that another program is using InnoDB's files.
InnoDB: This might be a backup or antivirus software or another instance
InnoDB: of MySQL. Please close it to get rid of this error.
100718 12:25:14  InnoDB: Operating system error number 32 in a file operation.
InnoDB: The error means that another program is using InnoDB's files.
InnoDB: This might be a backup or antivirus software or another instance
InnoDB: of MySQL. Please close it to get rid of this error.
100718 12:25:25  InnoDB: Operating system error number 32 in a file operation.
InnoDB: The error means that another program is using InnoDB's files.
InnoDB: This might be a backup or antivirus software or another instance
InnoDB: of MySQL. Please close it to get rid of this error.
100718 12:25:35  InnoDB: Operating system error number 32 in a file operation.
InnoDB: The error means that another program is using InnoDB's files.
InnoDB: This might be a backup or antivirus software or another instance
InnoDB: of MySQL. Please close it to get rid of this error.
100718 12:25:45  InnoDB: Operating system error number 32 in a file operation.
InnoDB: The error means that another program is using InnoDB's files.
InnoDB: This might be a backup or antivirus software or another instance
InnoDB: of MySQL. Please close it to get rid of this error.
100718 12:25:55  InnoDB: Operating system error number 32 in a file operation.
InnoDB: The error means that another program is using InnoDB's files.
InnoDB: This might be a backup or antivirus software or another instance
InnoDB: of MySQL. Please close it to get rid of this error.
100718 12:26:05  InnoDB: Operating system error number 32 in a file operation.
InnoDB: The error means that another program is using InnoDB's files.
InnoDB: This might be a backup or antivirus software or another instance
InnoDB: of MySQL. Please close it to get rid of this error.
100718 12:26:15  InnoDB: Operating system error number 32 in a file operation.
InnoDB: The error means that another program is using InnoDB's files.
InnoDB: This might be a backup or antivirus software or another instance
InnoDB: of MySQL. Please close it to get rid of this error.
100718 12:26:25  InnoDB: Operating system error number 32 in a file operation.
InnoDB: The error means that another program is using InnoDB's files.
InnoDB: This might be a backup or antivirus software or another instance
InnoDB: of MySQL. Please close it to get rid of this error.
100718 12:26:35  InnoDB: Operating system error number 32 in a file operation.
InnoDB: The error means that another program is using InnoDB's files.
InnoDB: This might be a backup or antivirus software or another instance
InnoDB: of MySQL. Please close it to get rid of this error.
100718 12:26:45  InnoDB: Operating system error number 32 in a file operation.
InnoDB: The error means that another program is using InnoDB's files.
InnoDB: This might be a backup or antivirus software or another instance
InnoDB: of MySQL. Please close it to get rid of this error.
100718 12:27:01  InnoDB: Operating system error number 32 in a file operation.
InnoDB: The error means that another program is using InnoDB's files.
InnoDB: This might be a backup or antivirus software or another instance
InnoDB: of MySQL. Please close it to get rid of this error.
100718 12:27:11  InnoDB: Operating system error number 32 in a file operation.
InnoDB: The error means that another program is using InnoDB's files.
InnoDB: This might be a backup or antivirus software or another instance
InnoDB: of MySQL. Please close it to get rid of this error.
100718 12:27:21  InnoDB: Operating system error number 32 in a file operation.
InnoDB: The error means that another program is using InnoDB's files.
InnoDB: This might be a backup or antivirus software or another instance
InnoDB: of MySQL. Please close it to get rid of this error.
100718 12:27:31  InnoDB: Operating system error number 32 in a file operation.
InnoDB: The error means that another program is using InnoDB's files.
InnoDB: This might be a backup or antivirus software or another instance
InnoDB: of MySQL. Please close it to get rid of this error.
100718 12:27:41  InnoDB: Operating system error number 32 in a file operation.
InnoDB: The error means that another program is using InnoDB's files.
InnoDB: This might be a backup or antivirus software or another instance
InnoDB: of MySQL. Please close it to get rid of this error.
100718 12:27:51  InnoDB: Operating system error number 32 in a file operation.
InnoDB: The error means that another program is using InnoDB's files.
InnoDB: This might be a backup or antivirus software or another instance
InnoDB: of MySQL. Please close it to get rid of this error.
100718 12:28:02  InnoDB: Started; log sequence number 0 46419
100718 12:28:02 [Note] Event Scheduler: Loaded 0 events
100718 12:28:02 [Note] mysql\bin\mysqld.exe: ready for connections.
Version: '5.1.30-community'  socket: ''  port: 3306  MySQL Community Server (GPL)
100718 12:32:29  InnoDB: Started; log sequence number 0 46419
100718 12:32:29 [Note] Event Scheduler: Loaded 0 events
100718 12:32:29 [Note] mysql\bin\mysqld.exe: ready for connections.
Version: '5.1.30-community'  socket: ''  port: 3306  MySQL Community Server (GPL)
100718 12:33:49  InnoDB: Started; log sequence number 0 46419
100718 12:33:49 [Note] Event Scheduler: Loaded 0 events
100718 12:33:49 [Note] mysql\bin\mysqld.exe: ready for connections.
Version: '5.1.30-community'  socket: ''  port: 3306  MySQL Community Server (GPL)
100718 12:34:52  InnoDB: Started; log sequence number 0 46419
100718 12:34:52 [Note] Event Scheduler: Loaded 0 events
100718 12:34:52 [Note] mysql\bin\mysqld.exe: ready for connections.
Version: '5.1.30-community'  socket: ''  port: 3306  MySQL Community Server (GPL)
100718 12:35:36  InnoDB: Started; log sequence number 0 46419
100718 12:35:36 [Note] Event Scheduler: Loaded 0 events
100718 12:35:36 [Note] mysql\bin\mysqld.exe: ready for connections.
Version: '5.1.30-community'  socket: ''  port: 3306  MySQL Community Server (GPL)
100718 12:36:40  InnoDB: Started; log sequence number 0 46419
100718 12:36:40 [Note] Event Scheduler: Loaded 0 events
100718 12:36:40 [Note] mysql\bin\mysqld.exe: ready for connections.
Version: '5.1.30-community'  socket: ''  port: 3306  MySQL Community Server (GPL)
100718 12:37:30  InnoDB: Started; log sequence number 0 46419
100718 12:37:31 [Note] Event Scheduler: Loaded 0 events
100718 12:37:31 [Note] mysql\bin\mysqld.exe: ready for connections.
Version: '5.1.30-community'  socket: ''  port: 3306  MySQL Community Server (GPL)
100718 13:01:16  InnoDB: Started; log sequence number 0 46419
100718 13:01:18 [Note] Event Scheduler: Loaded 0 events
100718 13:01:18 [Note] mysql\bin\mysqld.exe: ready for connections.
Version: '5.1.30-community'  socket: ''  port: 3306  MySQL Community Server (GPL)
100718 13:01:48  InnoDB: Started; log sequence number 0 46419
100718 13:01:48 [Note] Event Scheduler: Loaded 0 events
100718 13:01:48 [Note] mysql\bin\mysqld.exe: ready for connections.
Version: '5.1.30-community'  socket: ''  port: 3306  MySQL Community Server (GPL)
100718 13:10:40  InnoDB: Started; log sequence number 0 46419
100718 13:10:40 [Note] Event Scheduler: Loaded 0 events
100718 13:10:40 [Note] mysql\bin\mysqld.exe: ready for connections.
Version: '5.1.30-community'  socket: ''  port: 3306  MySQL Community Server (GPL)
100718 13:12:06  InnoDB: Started; log sequence number 0 46419
100718 13:12:06 [Note] Event Scheduler: Loaded 0 events
100718 13:12:06 [Note] mysql\bin\mysqld.exe: ready for connections.
Version: '5.1.30-community'  socket: ''  port: 3306  MySQL Community Server (GPL)
100718 13:15:33  InnoDB: Started; log sequence number 0 46419
100718 13:15:33 [Note] Event Scheduler: Loaded 0 events
100718 13:15:33 [Note] mysql\bin\mysqld.exe: ready for connections.
Version: '5.1.30-community'  socket: ''  port: 3306  MySQL Community Server (GPL)
100718 13:17:12  InnoDB: Started; log sequence number 0 46419
100718 13:17:12 [Note] Event Scheduler: Loaded 0 events
100718 13:17:12 [Note] mysql\bin\mysqld.exe: ready for connections.
Version: '5.1.30-community'  socket: ''  port: 3306  MySQL Community Server (GPL)
100718 13:20:08  InnoDB: Started; log sequence number 0 46419
100718 13:20:08 [Note] Event Scheduler: Loaded 0 events
100718 13:20:08 [Note] mysql\bin\mysqld.exe: ready for connections.
Version: '5.1.30-community'  socket: ''  port: 3306  MySQL Community Server (GPL)
100718 13:27:00  InnoDB: Started; log sequence number 0 46419
100718 13:27:00 [Note] Event Scheduler: Loaded 0 events
100718 13:27:00 [Note] mysql\bin\mysqld.exe: ready for connections.
Version: '5.1.30-community'  socket: ''  port: 3306  MySQL Community Server (GPL)
100718 13:27:15  InnoDB: Operating system error number 32 in a file operation.
InnoDB: The error means that another program is using InnoDB's files.
InnoDB: This might be a backup or antivirus software or another instance
InnoDB: of MySQL. Please close it to get rid of this error.
100718 13:27:25  InnoDB: Operating system error number 32 in a file operation.
InnoDB: The error means that another program is using InnoDB's files.
InnoDB: This might be a backup or antivirus software or another instance
InnoDB: of MySQL. Please close it to get rid of this error.
100718 13:27:26  InnoDB: Operating system error number 32 in a file operation.
InnoDB: The error means that another program is using InnoDB's files.
InnoDB: This might be a backup or antivirus software or another instance
InnoDB: of MySQL. Please close it to get rid of this error.
100718 13:27:35  InnoDB: Operating system error number 32 in a file operation.
InnoDB: The error means that another program is using InnoDB's files.
InnoDB: This might be a backup or antivirus software or another instance
InnoDB: of MySQL. Please close it to get rid of this error.
100718 13:29:07  InnoDB: Started; log sequence number 0 46419
100718 13:29:07 [Note] Event Scheduler: Loaded 0 events
100718 13:29:07 [Note] mysql\bin\mysqld.exe: ready for connections.
Version: '5.1.30-community'  socket: ''  port: 3306  MySQL Community Server (GPL)
100718 13:29:23  InnoDB: Operating system error number 32 in a file operation.
InnoDB: The error means that another program is using InnoDB's files.
InnoDB: This might be a backup or antivirus software or another instance
InnoDB: of MySQL. Please close it to get rid of this error.
100718 13:29:33  InnoDB: Operating system error number 32 in a file operation.
InnoDB: The error means that another program is using InnoDB's files.
InnoDB: This might be a backup or antivirus software or another instance
InnoDB: of MySQL. Please close it to get rid of this error.
100718 13:29:43  InnoDB: Operating system error number 32 in a file operation.
InnoDB: The error means that another program is using InnoDB's files.
InnoDB: This might be a backup or antivirus software or another instance
InnoDB: of MySQL. Please close it to get rid of this error.
100718 13:29:53  InnoDB: Operating system error number 32 in a file operation.
InnoDB: The error means that another program is using InnoDB's files.
InnoDB: This might be a backup or antivirus software or another instance
InnoDB: of MySQL. Please close it to get rid of this error.
100718 13:30:03  InnoDB: Operating system error number 32 in a file operation.
InnoDB: The error means that another program is using InnoDB's files.
InnoDB: This might be a backup or antivirus software or another instance
InnoDB: of MySQL. Please close it to get rid of this error.
100718 13:35:04  InnoDB: Started; log sequence number 0 46419
100718 13:35:04 [Note] Event Scheduler: Loaded 0 events
100718 13:35:04 [Note] mysql\bin\mysqld.exe: ready for connections.
Version: '5.1.30-community'  socket: ''  port: 3306  MySQL Community Server (GPL)
100718 13:37:37  InnoDB: Started; log sequence number 0 46419
100718 13:37:37 [Note] Event Scheduler: Loaded 0 events
100718 13:37:37 [Note] mysql\bin\mysqld.exe: ready for connections.
Version: '5.1.30-community'  socket: ''  port: 3306  MySQL Community Server (GPL)
100718 13:38:19  InnoDB: Started; log sequence number 0 46419
100718 13:38:19 [Note] Event Scheduler: Loaded 0 events
100718 13:38:19 [Note] mysql\bin\mysqld.exe: ready for connections.
Version: '5.1.30-community'  socket: ''  port: 3306  MySQL Community Server (GPL)
100718 13:50:35  InnoDB: Started; log sequence number 0 46419
100718 13:50:35 [Note] Event Scheduler: Loaded 0 events
100718 13:50:35 [Note] mysql\bin\mysqld.exe: ready for connections.
Version: '5.1.30-community'  socket: ''  port: 3306  MySQL Community Server (GPL)
100718 13:51:33  InnoDB: Started; log sequence number 0 46419
100718 13:51:33 [Note] Event Scheduler: Loaded 0 events
100718 13:51:33 [Note] mysql\bin\mysqld.exe: ready for connections.
Version: '5.1.30-community'  socket: ''  port: 3306  MySQL Community Server (GPL)
100718 13:56:41  InnoDB: Started; log sequence number 0 46419
100718 13:56:41 [Note] Event Scheduler: Loaded 0 events
100718 13:56:41 [Note] mysql\bin\mysqld.exe: ready for connections.
Version: '5.1.30-community'  socket: ''  port: 3306  MySQL Community Server (GPL)
100718 13:57:07  InnoDB: Started; log sequence number 0 46419
100718 13:57:07 [Note] Event Scheduler: Loaded 0 events
100718 13:57:07 [Note] mysql\bin\mysqld.exe: ready for connections.
Version: '5.1.30-community'  socket: ''  port: 3306  MySQL Community Server (GPL)
100718 14:13:12  InnoDB: Started; log sequence number 0 46419
100718 14:13:12 [Note] Event Scheduler: Loaded 0 events
100718 14:13:12 [Note] mysql\bin\mysqld.exe: ready for connections.
Version: '5.1.30-community'  socket: ''  port: 3306  MySQL Community Server (GPL)
100718 14:15:48  InnoDB: Started; log sequence number 0 46419
100718 14:15:48 [Note] Event Scheduler: Loaded 0 events
100718 14:15:48 [Note] mysql\bin\mysqld.exe: ready for connections.
Version: '5.1.30-community'  socket: ''  port: 3306  MySQL Community Server (GPL)
100718 14:24:50  InnoDB: Started; log sequence number 0 46419
100718 14:24:51 [Note] Event Scheduler: Loaded 0 events
100718 14:24:51 [Note] mysql\bin\mysqld.exe: ready for connections.
Version: '5.1.30-community'  socket: ''  port: 3306  MySQL Community Server (GPL)
100718 14:26:18  InnoDB: Started; log sequence number 0 46419
100718 14:26:19 [Note] Event Scheduler: Loaded 0 events
100718 14:26:19 [Note] mysql\bin\mysqld.exe: ready for connections.
Version: '5.1.30-community'  socket: ''  port: 3306  MySQL Community Server (GPL)
100718 13:29:33  InnoDB: Started; log sequence number 0 46419
100718 13:29:33 [Note] Event Scheduler: Loaded 0 events
100718 13:29:33 [Note] mysql\bin\mysqld.exe: ready for connections.
Version: '5.1.30-community'  socket: ''  port: 3306  MySQL Community Server (GPL)
100718  0:30:15  InnoDB: Started; log sequence number 0 46419
100718  0:30:15 [Note] Event Scheduler: Loaded 0 events
100718  0:30:15 [Note] mysql\bin\mysqld.exe: ready for connections.
Version: '5.1.30-community'  socket: ''  port: 3306  MySQL Community Server (GPL)
100718  0:38:38  InnoDB: Started; log sequence number 0 46419
100718  0:38:39 [Note] Event Scheduler: Loaded 0 events
100718  0:38:39 [Note] mysql\bin\mysqld.exe: ready for connections.
Version: '5.1.30-community'  socket: ''  port: 3306  MySQL Community Server (GPL)
100718 14:39:38  InnoDB: Started; log sequence number 0 46419
100718 14:39:38 [Note] Event Scheduler: Loaded 0 events
100718 14:39:38 [Note] mysql\bin\mysqld.exe: ready for connections.
Version: '5.1.30-community'  socket: ''  port: 3306  MySQL Community Server (GPL)
100718 14:42:41  InnoDB: Started; log sequence number 0 46419
100718 14:42:41 [Note] Event Scheduler: Loaded 0 events
100718 14:42:41 [Note] mysql\bin\mysqld.exe: ready for connections.
Version: '5.1.30-community'  socket: ''  port: 3306  MySQL Community Server (GPL)
100718 14:44:58  InnoDB: Started; log sequence number 0 46419
100718 14:44:59 [Note] Event Scheduler: Loaded 0 events
100718 14:44:59 [Note] mysql\bin\mysqld.exe: ready for connections.
Version: '5.1.30-community'  socket: ''  port: 3306  MySQL Community Server (GPL)
100718 14:45:18  InnoDB: Started; log sequence number 0 46419
100718 14:45:18 [Note] Event Scheduler: Loaded 0 events
100718 14:45:18 [Note] mysql\bin\mysqld.exe: ready for connections.
Version: '5.1.30-community'  socket: ''  port: 3306  MySQL Community Server (GPL)
100718 14:48:17  InnoDB: Started; log sequence number 0 46419
100718 14:48:17 [Note] Event Scheduler: Loaded 0 events
100718 14:48:17 [Note] mysql\bin\mysqld.exe: ready for connections.
Version: '5.1.30-community'  socket: ''  port: 3306  MySQL Community Server (GPL)
100719 15:48:15  InnoDB: Started; log sequence number 0 46419
100719 15:48:17 [Note] Event Scheduler: Loaded 0 events
100719 15:48:17 [Note] mysql\bin\mysqld.exe: ready for connections.
Version: '5.1.30-community'  socket: ''  port: 3306  MySQL Community Server (GPL)
100719 15:48:32  InnoDB: Operating system error number 32 in a file operation.
InnoDB: The error means that another program is using InnoDB's files.
InnoDB: This might be a backup or antivirus software or another instance
InnoDB: of MySQL. Please close it to get rid of this error.
100719 15:48:42  InnoDB: Operating system error number 32 in a file operation.
InnoDB: The error means that another program is using InnoDB's files.
InnoDB: This might be a backup or antivirus software or another instance
InnoDB: of MySQL. Please close it to get rid of this error.
100719 15:48:52  InnoDB: Operating system error number 32 in a file operation.
InnoDB: The error means that another program is using InnoDB's files.
InnoDB: This might be a backup or antivirus software or another instance
InnoDB: of MySQL. Please close it to get rid of this error.
100719 15:49:02  InnoDB: Operating system error number 32 in a file operation.
InnoDB: The error means that another program is using InnoDB's files.
InnoDB: This might be a backup or antivirus software or another instance
InnoDB: of MySQL. Please close it to get rid of this error.
100719 15:49:12  InnoDB: Operating system error number 32 in a file operation.
InnoDB: The error means that another program is using InnoDB's files.
InnoDB: This might be a backup or antivirus software or another instance
InnoDB: of MySQL. Please close it to get rid of this error.
100719 15:49:22  InnoDB: Operating system error number 32 in a file operation.
InnoDB: The error means that another program is using InnoDB's files.
InnoDB: This might be a backup or antivirus software or another instance
InnoDB: of MySQL. Please close it to get rid of this error.
100719 15:49:32  InnoDB: Operating system error number 32 in a file operation.
InnoDB: The error means that another program is using InnoDB's files.
InnoDB: This might be a backup or antivirus software or another instance
InnoDB: of MySQL. Please close it to get rid of this error.
100719 15:49:42  InnoDB: Operating system error number 32 in a file operation.
InnoDB: The error means that another program is using InnoDB's files.
InnoDB: This might be a backup or antivirus software or another instance
InnoDB: of MySQL. Please close it to get rid of this error.
100719 15:49:52  InnoDB: Operating system error number 32 in a file operation.
InnoDB: The error means that another program is using InnoDB's files.
InnoDB: This might be a backup or antivirus software or another instance
InnoDB: of MySQL. Please close it to get rid of this error.
100719 15:50:02  InnoDB: Operating system error number 32 in a file operation.
InnoDB: The error means that another program is using InnoDB's files.
InnoDB: This might be a backup or antivirus software or another instance
InnoDB: of MySQL. Please close it to get rid of this error.
100719 15:50:12  InnoDB: Operating system error number 32 in a file operation.
InnoDB: The error means that another program is using InnoDB's files.
InnoDB: This might be a backup or antivirus software or another instance
InnoDB: of MySQL. Please close it to get rid of this error.
100719 15:50:22  InnoDB: Operating system error number 32 in a file operation.
InnoDB: The error means that another program is using InnoDB's files.
InnoDB: This might be a backup or antivirus software or another instance
InnoDB: of MySQL. Please close it to get rid of this error.
100719 15:50:32  InnoDB: Operating system error number 32 in a file operation.
InnoDB: The error means that another program is using InnoDB's files.
InnoDB: This might be a backup or antivirus software or another instance
InnoDB: of MySQL. Please close it to get rid of this error.
100719 15:52:34  InnoDB: Started; log sequence number 0 46419
100719 15:52:34 [Note] Event Scheduler: Loaded 0 events
100719 15:52:34 [Note] mysql\bin\mysqld.exe: ready for connections.
Version: '5.1.30-community'  socket: ''  port: 3306  MySQL Community Server (GPL)
100719 15:54:27  InnoDB: Started; log sequence number 0 46419
100719 15:54:27 [Note] Event Scheduler: Loaded 0 events
100719 15:54:27 [Note] mysql\bin\mysqld.exe: ready for connections.
Version: '5.1.30-community'  socket: ''  port: 3306  MySQL Community Server (GPL)
100719 15:56:42  InnoDB: Started; log sequence number 0 46419
100719 15:56:42 [Note] Event Scheduler: Loaded 0 events
100719 15:56:42 [Note] mysql\bin\mysqld.exe: ready for connections.
Version: '5.1.30-community'  socket: ''  port: 3306  MySQL Community Server (GPL)
100719 15:57:28  InnoDB: Started; log sequence number 0 46419
100719 15:57:28 [Note] Event Scheduler: Loaded 0 events
100719 15:57:28 [Note] mysql\bin\mysqld.exe: ready for connections.
Version: '5.1.30-community'  socket: ''  port: 3306  MySQL Community Server (GPL)
100719 16:03:44  InnoDB: Started; log sequence number 0 46419
100719 16:03:44 [Note] Event Scheduler: Loaded 0 events
100719 16:03:44 [Note] mysql\bin\mysqld.exe: ready for connections.
Version: '5.1.30-community'  socket: ''  port: 3306  MySQL Community Server (GPL)
100719 16:05:26  InnoDB: Started; log sequence number 0 46419
100719 16:05:26 [Note] Event Scheduler: Loaded 0 events
100719 16:05:26 [Note] mysql\bin\mysqld.exe: ready for connections.
Version: '5.1.30-community'  socket: ''  port: 3306  MySQL Community Server (GPL)
100719 16:09:27  InnoDB: Started; log sequence number 0 46419
100719 16:09:27 [Note] Event Scheduler: Loaded 0 events
100719 16:09:27 [Note] mysql\bin\mysqld.exe: ready for connections.
Version: '5.1.30-community'  socket: ''  port: 3306  MySQL Community Server (GPL)
100719 16:16:46  InnoDB: Started; log sequence number 0 46419
100719 16:16:46 [Note] Event Scheduler: Loaded 0 events
100719 16:16:46 [Note] mysql\bin\mysqld.exe: ready for connections.
Version: '5.1.30-community'  socket: ''  port: 3306  MySQL Community Server (GPL)
100719 16:20:24  InnoDB: Started; log sequence number 0 46419
100719 16:20:24 [Note] Event Scheduler: Loaded 0 events
100719 16:20:24 [Note] mysql\bin\mysqld.exe: ready for connections.
Version: '5.1.30-community'  socket: ''  port: 3306  MySQL Community Server (GPL)
100719 16:20:40  InnoDB: Started; log sequence number 0 46419
100719 16:20:40 [Note] Event Scheduler: Loaded 0 events
100719 16:20:40 [Note] mysql\bin\mysqld.exe: ready for connections.
Version: '5.1.30-community'  socket: ''  port: 3306  MySQL Community Server (GPL)
100719 16:23:08  InnoDB: Started; log sequence number 0 46419
100719 16:23:08 [Note] Event Scheduler: Loaded 0 events
100719 16:23:08 [Note] mysql\bin\mysqld.exe: ready for connections.
Version: '5.1.30-community'  socket: ''  port: 3306  MySQL Community Server (GPL)
100719 16:23:48  InnoDB: Started; log sequence number 0 46419
100719 16:23:48 [Note] Event Scheduler: Loaded 0 events
100719 16:23:48 [Note] mysql\bin\mysqld.exe: ready for connections.
Version: '5.1.30-community'  socket: ''  port: 3306  MySQL Community Server (GPL)
100719 16:26:32  InnoDB: Started; log sequence number 0 46419
100719 16:26:32 [Note] Event Scheduler: Loaded 0 events
100719 16:26:32 [Note] mysql\bin\mysqld.exe: ready for connections.
Version: '5.1.30-community'  socket: ''  port: 3306  MySQL Community Server (GPL)
100719 15:28:06  InnoDB: Started; log sequence number 0 46419
100719 15:28:06 [Note] Event Scheduler: Loaded 0 events
100719 15:28:06 [Note] mysql\bin\mysqld.exe: ready for connections.
Version: '5.1.30-community'  socket: ''  port: 3306  MySQL Community Server (GPL)
100719 15:31:22  InnoDB: Started; log sequence number 0 46419
100719 15:31:22 [Note] Event Scheduler: Loaded 0 events
100719 15:31:22 [Note] mysql\bin\mysqld.exe: ready for connections.
Version: '5.1.30-community'  socket: ''  port: 3306  MySQL Community Server (GPL)
100719 15:32:05  InnoDB: Started; log sequence number 0 46419
100719 15:32:05 [Note] Event Scheduler: Loaded 0 events
100719 15:32:05 [Note] mysql\bin\mysqld.exe: ready for connections.
Version: '5.1.30-community'  socket: ''  port: 3306  MySQL Community Server (GPL)
100719 15:35:14  InnoDB: Started; log sequence number 0 46419
100719 15:35:14 [Note] Event Scheduler: Loaded 0 events
100719 15:35:14 [Note] mysql\bin\mysqld.exe: ready for connections.
Version: '5.1.30-community'  socket: ''  port: 3306  MySQL Community Server (GPL)
100719 15:37:47  InnoDB: Started; log sequence number 0 46419
100719 15:37:48 [Note] Event Scheduler: Loaded 0 events
100719 15:37:48 [Note] mysql\bin\mysqld.exe: ready for connections.
Version: '5.1.30-community'  socket: ''  port: 3306  MySQL Community Server (GPL)
100719 15:40:49  InnoDB: Started; log sequence number 0 46419
100719 15:40:49 [Note] Event Scheduler: Loaded 0 events
100719 15:40:49 [Note] mysql\bin\mysqld.exe: ready for connections.
Version: '5.1.30-community'  socket: ''  port: 3306  MySQL Community Server (GPL)
100719 15:41:57  InnoDB: Started; log sequence number 0 46419
100719 15:41:57 [Note] Event Scheduler: Loaded 0 events
100719 15:41:57 [Note] mysql\bin\mysqld.exe: ready for connections.
Version: '5.1.30-community'  socket: ''  port: 3306  MySQL Community Server (GPL)
100719 15:42:47  InnoDB: Started; log sequence number 0 46419
100719 15:42:47 [Note] Event Scheduler: Loaded 0 events
100719 15:42:47 [Note] mysql\bin\mysqld.exe: ready for connections.
Version: '5.1.30-community'  socket: ''  port: 3306  MySQL Community Server (GPL)
100719 15:43:32  InnoDB: Started; log sequence number 0 46419
100719 15:43:32 [Note] Event Scheduler: Loaded 0 events
100719 15:43:32 [Note] mysql\bin\mysqld.exe: ready for connections.
Version: '5.1.30-community'  socket: ''  port: 3306  MySQL Community Server (GPL)
100719 15:46:16  InnoDB: Started; log sequence number 0 46419
100719 15:46:16 [Note] Event Scheduler: Loaded 0 events
100719 15:46:16 [Note] mysql\bin\mysqld.exe: ready for connections.
Version: '5.1.30-community'  socket: ''  port: 3306  MySQL Community Server (GPL)
100719 15:47:23  InnoDB: Started; log sequence number 0 46419
100719 15:47:23 [Note] Event Scheduler: Loaded 0 events
100719 15:47:23 [Note] mysql\bin\mysqld.exe: ready for connections.
Version: '5.1.30-community'  socket: ''  port: 3306  MySQL Community Server (GPL)
100719 15:48:33  InnoDB: Started; log sequence number 0 46419
100719 15:48:33 [Note] Event Scheduler: Loaded 0 events
100719 15:48:33 [Note] mysql\bin\mysqld.exe: ready for connections.
Version: '5.1.30-community'  socket: ''  port: 3306  MySQL Community Server (GPL)
100719 15:50:44  InnoDB: Started; log sequence number 0 46419
100719 15:50:44 [Note] Event Scheduler: Loaded 0 events
100719 15:50:44 [Note] mysql\bin\mysqld.exe: ready for connections.
Version: '5.1.30-community'  socket: ''  port: 3306  MySQL Community Server (GPL)
100719 15:52:08  InnoDB: Started; log sequence number 0 46419
100719 15:52:08 [Note] Event Scheduler: Loaded 0 events
100719 15:52:08 [Note] mysql\bin\mysqld.exe: ready for connections.
Version: '5.1.30-community'  socket: ''  port: 3306  MySQL Community Server (GPL)
100719 15:53:31  InnoDB: Started; log sequence number 0 46419
100719 15:53:31 [Note] Event Scheduler: Loaded 0 events
100719 15:53:31 [Note] mysql\bin\mysqld.exe: ready for connections.
Version: '5.1.30-community'  socket: ''  port: 3306  MySQL Community Server (GPL)
100719 15:54:34  InnoDB: Started; log sequence number 0 46419
100719 15:54:34 [Note] Event Scheduler: Loaded 0 events
100719 15:54:34 [Note] mysql\bin\mysqld.exe: ready for connections.
Version: '5.1.30-community'  socket: ''  port: 3306  MySQL Community Server (GPL)
100719 15:56:34  InnoDB: Started; log sequence number 0 46419
100719 15:56:34 [Note] Event Scheduler: Loaded 0 events
100719 15:56:34 [Note] mysql\bin\mysqld.exe: ready for connections.
Version: '5.1.30-community'  socket: ''  port: 3306  MySQL Community Server (GPL)
100719 15:57:51  InnoDB: Started; log sequence number 0 46419
100719 15:57:51 [Note] Event Scheduler: Loaded 0 events
100719 15:57:51 [Note] mysql\bin\mysqld.exe: ready for connections.
Version: '5.1.30-community'  socket: ''  port: 3306  MySQL Community Server (GPL)
100719 15:59:08  InnoDB: Started; log sequence number 0 46419
100719 15:59:08 [Note] Event Scheduler: Loaded 0 events
100719 15:59:08 [Note] mysql\bin\mysqld.exe: ready for connections.
Version: '5.1.30-community'  socket: ''  port: 3306  MySQL Community Server (GPL)
100719 16:03:23  InnoDB: Started; log sequence number 0 46419
100719 16:03:23 [Note] Event Scheduler: Loaded 0 events
100719 16:03:23 [Note] mysql\bin\mysqld.exe: ready for connections.
Version: '5.1.30-community'  socket: ''  port: 3306  MySQL Community Server (GPL)
100719 16:05:35  InnoDB: Started; log sequence number 0 46419
100719 16:05:35 [Note] Event Scheduler: Loaded 0 events
100719 16:05:35 [Note] mysql\bin\mysqld.exe: ready for connections.
Version: '5.1.30-community'  socket: ''  port: 3306  MySQL Community Server (GPL)
100719 16:06:41  InnoDB: Started; log sequence number 0 46419
100719 16:06:41 [Note] Event Scheduler: Loaded 0 events
100719 16:06:41 [Note] mysql\bin\mysqld.exe: ready for connections.
Version: '5.1.30-community'  socket: ''  port: 3306  MySQL Community Server (GPL)
100719 16:07:04  InnoDB: Started; log sequence number 0 46419
100719 16:07:04 [Note] Event Scheduler: Loaded 0 events
100719 16:07:04 [Note] mysql\bin\mysqld.exe: ready for connections.
Version: '5.1.30-community'  socket: ''  port: 3306  MySQL Community Server (GPL)
100719 16:07:45  InnoDB: Started; log sequence number 0 46419
100719 16:07:45 [Note] Event Scheduler: Loaded 0 events
100719 16:07:45 [Note] mysql\bin\mysqld.exe: ready for connections.
Version: '5.1.30-community'  socket: ''  port: 3306  MySQL Community Server (GPL)
100719 16:09:02  InnoDB: Started; log sequence number 0 46419
100719 16:09:02 [Note] Event Scheduler: Loaded 0 events
100719 16:09:02 [Note] mysql\bin\mysqld.exe: ready for connections.
Version: '5.1.30-community'  socket: ''  port: 3306  MySQL Community Server (GPL)
100719 16:09:57  InnoDB: Started; log sequence number 0 46419
100719 16:09:57 [Note] Event Scheduler: Loaded 0 events
100719 16:09:57 [Note] mysql\bin\mysqld.exe: ready for connections.
Version: '5.1.30-community'  socket: ''  port: 3306  MySQL Community Server (GPL)
100719 16:10:32  InnoDB: Started; log sequence number 0 46419
100719 16:10:32 [Note] Event Scheduler: Loaded 0 events
100719 16:10:32 [Note] mysql\bin\mysqld.exe: ready for connections.
Version: '5.1.30-community'  socket: ''  port: 3306  MySQL Community Server (GPL)
100719 16:14:08  InnoDB: Started; log sequence number 0 46419
100719 16:14:08 [Note] Event Scheduler: Loaded 0 events
100719 16:14:08 [Note] mysql\bin\mysqld.exe: ready for connections.
Version: '5.1.30-community'  socket: ''  port: 3306  MySQL Community Server (GPL)
100719 16:14:38  InnoDB: Started; log sequence number 0 46419
100719 16:14:38 [Note] Event Scheduler: Loaded 0 events
100719 16:14:38 [Note] mysql\bin\mysqld.exe: ready for connections.
Version: '5.1.30-community'  socket: ''  port: 3306  MySQL Community Server (GPL)
100719 16:16:22  InnoDB: Started; log sequence number 0 46419
100719 16:16:22 [Note] Event Scheduler: Loaded 0 events
100719 16:16:22 [Note] mysql\bin\mysqld.exe: ready for connections.
Version: '5.1.30-community'  socket: ''  port: 3306  MySQL Community Server (GPL)
100719 16:17:20  InnoDB: Started; log sequence number 0 46419
100719 16:17:20 [Note] Event Scheduler: Loaded 0 events
100719 16:17:20 [Note] mysql\bin\mysqld.exe: ready for connections.
Version: '5.1.30-community'  socket: ''  port: 3306  MySQL Community Server (GPL)
100719 16:23:37  InnoDB: Started; log sequence number 0 46419
100719 16:23:37 [Note] Event Scheduler: Loaded 0 events
100719 16:23:37 [Note] mysql\bin\mysqld.exe: ready for connections.
Version: '5.1.30-community'  socket: ''  port: 3306  MySQL Community Server (GPL)
100719 16:24:34  InnoDB: Started; log sequence number 0 46419
100719 16:24:34 [Note] Event Scheduler: Loaded 0 events
100719 16:24:34 [Note] mysql\bin\mysqld.exe: ready for connections.
Version: '5.1.30-community'  socket: ''  port: 3306  MySQL Community Server (GPL)
100719 16:29:03  InnoDB: Started; log sequence number 0 46419
100719 16:29:03 [Note] Event Scheduler: Loaded 0 events
100719 16:29:03 [Note] mysql\bin\mysqld.exe: ready for connections.
Version: '5.1.30-community'  socket: ''  port: 3306  MySQL Community Server (GPL)
100719 15:33:55  InnoDB: Started; log sequence number 0 46419
100719 15:33:56 [Note] Event Scheduler: Loaded 0 events
100719 15:33:56 [Note] mysql\bin\mysqld.exe: ready for connections.
Version: '5.1.30-community'  socket: ''  port: 3306  MySQL Community Server (GPL)
100719 15:42:47  InnoDB: Started; log sequence number 0 46419
100719 15:42:48 [Note] Event Scheduler: Loaded 0 events
100719 15:42:48 [Note] mysql\bin\mysqld.exe: ready for connections.
Version: '5.1.30-community'  socket: ''  port: 3306  MySQL Community Server (GPL)
100719 15:58:06  InnoDB: Started; log sequence number 0 46419
100719 15:58:07 [Note] Event Scheduler: Loaded 0 events
100719 15:58:07 [Note] mysql\bin\mysqld.exe: ready for connections.
Version: '5.1.30-community'  socket: ''  port: 3306  MySQL Community Server (GPL)
100719 15:59:47  InnoDB: Started; log sequence number 0 46419
100719 15:59:47 [Note] Event Scheduler: Loaded 0 events
100719 15:59:47 [Note] mysql\bin\mysqld.exe: ready for connections.
Version: '5.1.30-community'  socket: ''  port: 3306  MySQL Community Server (GPL)
100719 16:01:33  InnoDB: Started; log sequence number 0 46419
100719 16:01:33 [Note] Event Scheduler: Loaded 0 events
100719 16:01:33 [Note] mysql\bin\mysqld.exe: ready for connections.
Version: '5.1.30-community'  socket: ''  port: 3306  MySQL Community Server (GPL)
100719 16:02:29  InnoDB: Started; log sequence number 0 46419
100719 16:02:29 [Note] Event Scheduler: Loaded 0 events
100719 16:02:29 [Note] mysql\bin\mysqld.exe: ready for connections.
Version: '5.1.30-community'  socket: ''  port: 3306  MySQL Community Server (GPL)
100719 16:04:36  InnoDB: Started; log sequence number 0 46419
100719 16:04:36 [Note] Event Scheduler: Loaded 0 events
100719 16:04:36 [Note] mysql\bin\mysqld.exe: ready for connections.
Version: '5.1.30-community'  socket: ''  port: 3306  MySQL Community Server (GPL)
100719 15:08:58  InnoDB: Started; log sequence number 0 46419
100719 15:08:58 [Note] Event Scheduler: Loaded 0 events
100719 15:08:58 [Note] mysql\bin\mysqld.exe: ready for connections.
Version: '5.1.30-community'  socket: ''  port: 3306  MySQL Community Server (GPL)
100719 15:09:47  InnoDB: Started; log sequence number 0 46419
100719 15:09:47 [Note] Event Scheduler: Loaded 0 events
100719 15:09:47 [Note] mysql\bin\mysqld.exe: ready for connections.
Version: '5.1.30-community'  socket: ''  port: 3306  MySQL Community Server (GPL)
100719 15:21:21  InnoDB: Started; log sequence number 0 46419
100719 15:21:22 [Note] Event Scheduler: Loaded 0 events
100719 15:21:22 [Note] mysql\bin\mysqld.exe: ready for connections.
Version: '5.1.30-community'  socket: ''  port: 3306  MySQL Community Server (GPL)
100719 15:32:51  InnoDB: Started; log sequence number 0 46419
100719 15:32:51 [Note] Event Scheduler: Loaded 0 events
100719 15:32:51 [Note] mysql\bin\mysqld.exe: ready for connections.
Version: '5.1.30-community'  socket: ''  port: 3306  MySQL Community Server (GPL)
100719 15:34:06  InnoDB: Started; log sequence number 0 46419
100719 15:34:06 [Note] Event Scheduler: Loaded 0 events
100719 15:34:06 [Note] mysql\bin\mysqld.exe: ready for connections.
Version: '5.1.30-community'  socket: ''  port: 3306  MySQL Community Server (GPL)
100719 15:37:21  InnoDB: Started; log sequence number 0 46419
100719 15:37:21 [Note] Event Scheduler: Loaded 0 events
100719 15:37:21 [Note] mysql\bin\mysqld.exe: ready for connections.
Version: '5.1.30-community'  socket: ''  port: 3306  MySQL Community Server (GPL)
100719 15:39:03  InnoDB: Started; log sequence number 0 46419
100719 15:39:03 [Note] Event Scheduler: Loaded 0 events
100719 15:39:03 [Note] mysql\bin\mysqld.exe: ready for connections.
Version: '5.1.30-community'  socket: ''  port: 3306  MySQL Community Server (GPL)
100719 15:40:33  InnoDB: Started; log sequence number 0 46419
100719 15:40:33 [Note] Event Scheduler: Loaded 0 events
100719 15:40:33 [Note] mysql\bin\mysqld.exe: ready for connections.
Version: '5.1.30-community'  socket: ''  port: 3306  MySQL Community Server (GPL)
100719 15:42:58  InnoDB: Started; log sequence number 0 46419
100719 15:42:58 [Note] Event Scheduler: Loaded 0 events
100719 15:42:58 [Note] mysql\bin\mysqld.exe: ready for connections.
Version: '5.1.30-community'  socket: ''  port: 3306  MySQL Community Server (GPL)
100719 15:44:13  InnoDB: Started; log sequence number 0 46419
100719 15:44:13 [Note] Event Scheduler: Loaded 0 events
100719 15:44:13 [Note] mysql\bin\mysqld.exe: ready for connections.
Version: '5.1.30-community'  socket: ''  port: 3306  MySQL Community Server (GPL)
100719 15:47:40  InnoDB: Started; log sequence number 0 46419
100719 15:47:40 [Note] Event Scheduler: Loaded 0 events
100719 15:47:40 [Note] mysql\bin\mysqld.exe: ready for connections.
Version: '5.1.30-community'  socket: ''  port: 3306  MySQL Community Server (GPL)
100720 13:38:35  InnoDB: Started; log sequence number 0 46419
100720 13:38:36 [Note] Event Scheduler: Loaded 0 events
100720 13:38:36 [Note] mysql\bin\mysqld.exe: ready for connections.
Version: '5.1.30-community'  socket: ''  port: 3306  MySQL Community Server (GPL)
100720 13:40:17  InnoDB: Started; log sequence number 0 46419
100720 13:40:17 [Note] Event Scheduler: Loaded 0 events
100720 13:40:17 [Note] mysql\bin\mysqld.exe: ready for connections.
Version: '5.1.30-community'  socket: ''  port: 3306  MySQL Community Server (GPL)
100720 13:43:42  InnoDB: Started; log sequence number 0 46419
100720 13:43:42 [Note] Event Scheduler: Loaded 0 events
100720 13:43:42 [Note] mysql\bin\mysqld.exe: ready for connections.
Version: '5.1.30-community'  socket: ''  port: 3306  MySQL Community Server (GPL)
100720 13:46:22  InnoDB: Started; log sequence number 0 46419
100720 13:46:22 [Note] Event Scheduler: Loaded 0 events
100720 13:46:22 [Note] mysql\bin\mysqld.exe: ready for connections.
Version: '5.1.30-community'  socket: ''  port: 3306  MySQL Community Server (GPL)
100720 13:47:15  InnoDB: Started; log sequence number 0 46419
100720 13:47:15 [Note] Event Scheduler: Loaded 0 events
100720 13:47:15 [Note] mysql\bin\mysqld.exe: ready for connections.
Version: '5.1.30-community'  socket: ''  port: 3306  MySQL Community Server (GPL)
100720 13:49:02  InnoDB: Started; log sequence number 0 46419
100720 13:49:03 [Note] Event Scheduler: Loaded 0 events
100720 13:49:03 [Note] mysql\bin\mysqld.exe: ready for connections.
Version: '5.1.30-community'  socket: ''  port: 3306  MySQL Community Server (GPL)
100720  0:51:15  InnoDB: Started; log sequence number 0 46419
100720  0:51:15 [Note] Event Scheduler: Loaded 0 events
100720  0:51:15 [Note] mysql\bin\mysqld.exe: ready for connections.
Version: '5.1.30-community'  socket: ''  port: 3306  MySQL Community Server (GPL)
100720 12:55:08  InnoDB: Started; log sequence number 0 46419
100720 12:55:08 [Note] Event Scheduler: Loaded 0 events
100720 12:55:08 [Note] mysql\bin\mysqld.exe: ready for connections.
Version: '5.1.30-community'  socket: ''  port: 3306  MySQL Community Server (GPL)
100720 12:56:19  InnoDB: Started; log sequence number 0 46419
100720 12:56:19 [Note] Event Scheduler: Loaded 0 events
100720 12:56:19 [Note] mysql\bin\mysqld.exe: ready for connections.
Version: '5.1.30-community'  socket: ''  port: 3306  MySQL Community Server (GPL)
100720 12:57:48  InnoDB: Started; log sequence number 0 46419
100720 12:57:48 [Note] Event Scheduler: Loaded 0 events
100720 12:57:48 [Note] mysql\bin\mysqld.exe: ready for connections.
Version: '5.1.30-community'  socket: ''  port: 3306  MySQL Community Server (GPL)
100720 13:01:14  InnoDB: Started; log sequence number 0 46419
100720 13:01:14 [Note] Event Scheduler: Loaded 0 events
100720 13:01:14 [Note] mysql\bin\mysqld.exe: ready for connections.
Version: '5.1.30-community'  socket: ''  port: 3306  MySQL Community Server (GPL)
100720 13:04:24  InnoDB: Started; log sequence number 0 46419
100720 13:04:24 [Note] Event Scheduler: Loaded 0 events
100720 13:04:24 [Note] mysql\bin\mysqld.exe: ready for connections.
Version: '5.1.30-community'  socket: ''  port: 3306  MySQL Community Server (GPL)
100720 13:05:18  InnoDB: Started; log sequence number 0 46419
100720 13:05:18 [Note] Event Scheduler: Loaded 0 events
100720 13:05:18 [Note] mysql\bin\mysqld.exe: ready for connections.
Version: '5.1.30-community'  socket: ''  port: 3306  MySQL Community Server (GPL)
100720 13:07:22  InnoDB: Started; log sequence number 0 46419
100720 13:07:22 [Note] Event Scheduler: Loaded 0 events
100720 13:07:22 [Note] mysql\bin\mysqld.exe: ready for connections.
Version: '5.1.30-community'  socket: ''  port: 3306  MySQL Community Server (GPL)
100720 13:09:51  InnoDB: Started; log sequence number 0 46419
100720 13:09:51 [Note] Event Scheduler: Loaded 0 events
100720 13:09:51 [Note] mysql\bin\mysqld.exe: ready for connections.
Version: '5.1.30-community'  socket: ''  port: 3306  MySQL Community Server (GPL)
100720 13:11:32  InnoDB: Started; log sequence number 0 46419
100720 13:11:32 [Note] Event Scheduler: Loaded 0 events
100720 13:11:32 [Note] mysql\bin\mysqld.exe: ready for connections.
Version: '5.1.30-community'  socket: ''  port: 3306  MySQL Community Server (GPL)
100720 13:12:22  InnoDB: Started; log sequence number 0 46419
100720 13:12:22 [Note] Event Scheduler: Loaded 0 events
100720 13:12:22 [Note] mysql\bin\mysqld.exe: ready for connections.
Version: '5.1.30-community'  socket: ''  port: 3306  MySQL Community Server (GPL)
100720 13:16:19  InnoDB: Started; log sequence number 0 46419
100720 13:16:19 [Note] Event Scheduler: Loaded 0 events
100720 13:16:19 [Note] mysql\bin\mysqld.exe: ready for connections.
Version: '5.1.30-community'  socket: ''  port: 3306  MySQL Community Server (GPL)
100720 13:20:12  InnoDB: Started; log sequence number 0 46419
100720 13:20:12 [Note] Event Scheduler: Loaded 0 events
100720 13:20:12 [Note] mysql\bin\mysqld.exe: ready for connections.
Version: '5.1.30-community'  socket: ''  port: 3306  MySQL Community Server (GPL)
100720 13:21:26  InnoDB: Started; log sequence number 0 46419
100720 13:21:26 [Note] Event Scheduler: Loaded 0 events
100720 13:21:26 [Note] mysql\bin\mysqld.exe: ready for connections.
Version: '5.1.30-community'  socket: ''  port: 3306  MySQL Community Server (GPL)
100720 13:24:41  InnoDB: Started; log sequence number 0 46419
100720 13:24:41 [Note] Event Scheduler: Loaded 0 events
100720 13:24:41 [Note] mysql\bin\mysqld.exe: ready for connections.
Version: '5.1.30-community'  socket: ''  port: 3306  MySQL Community Server (GPL)
100720 13:29:10  InnoDB: Started; log sequence number 0 46419
100720 13:29:10 [Note] Event Scheduler: Loaded 0 events
100720 13:29:10 [Note] mysql\bin\mysqld.exe: ready for connections.
Version: '5.1.30-community'  socket: ''  port: 3306  MySQL Community Server (GPL)
100720 13:29:39  InnoDB: Started; log sequence number 0 46419
100720 13:29:39 [Note] Event Scheduler: Loaded 0 events
100720 13:29:39 [Note] mysql\bin\mysqld.exe: ready for connections.
Version: '5.1.30-community'  socket: ''  port: 3306  MySQL Community Server (GPL)
100720 13:31:46  InnoDB: Started; log sequence number 0 46419
100720 13:31:46 [Note] Event Scheduler: Loaded 0 events
100720 13:31:46 [Note] mysql\bin\mysqld.exe: ready for connections.
Version: '5.1.30-community'  socket: ''  port: 3306  MySQL Community Server (GPL)
100720 13:33:58  InnoDB: Started; log sequence number 0 46419
100720 13:33:59 [Note] Event Scheduler: Loaded 0 events
100720 13:33:59 [Note] mysql\bin\mysqld.exe: ready for connections.
Version: '5.1.30-community'  socket: ''  port: 3306  MySQL Community Server (GPL)
100720 13:44:38  InnoDB: Started; log sequence number 0 46419
100720 13:44:39 [Note] Event Scheduler: Loaded 0 events
100720 13:44:39 [Note] mysql\bin\mysqld.exe: ready for connections.
Version: '5.1.30-community'  socket: ''  port: 3306  MySQL Community Server (GPL)
100720 13:44:55  InnoDB: Started; log sequence number 0 46419
100720 13:44:55 [Note] Event Scheduler: Loaded 0 events
100720 13:44:55 [Note] mysql\bin\mysqld.exe: ready for connections.
Version: '5.1.30-community'  socket: ''  port: 3306  MySQL Community Server (GPL)
100720 13:46:07  InnoDB: Started; log sequence number 0 46419
100720 13:46:07 [Note] Event Scheduler: Loaded 0 events
100720 13:46:07 [Note] mysql\bin\mysqld.exe: ready for connections.
Version: '5.1.30-community'  socket: ''  port: 3306  MySQL Community Server (GPL)
100720 13:46:29  InnoDB: Started; log sequence number 0 46419
100720 13:46:29 [Note] Event Scheduler: Loaded 0 events
100720 13:46:29 [Note] mysql\bin\mysqld.exe: ready for connections.
Version: '5.1.30-community'  socket: ''  port: 3306  MySQL Community Server (GPL)
100720 13:49:38  InnoDB: Started; log sequence number 0 46419
100720 13:49:38 [Note] Event Scheduler: Loaded 0 events
100720 13:49:38 [Note] mysql\bin\mysqld.exe: ready for connections.
Version: '5.1.30-community'  socket: ''  port: 3306  MySQL Community Server (GPL)
100720 13:52:13  InnoDB: Started; log sequence number 0 46419
100720 13:52:13 [Note] Event Scheduler: Loaded 0 events
100720 13:52:13 [Note] mysql\bin\mysqld.exe: ready for connections.
Version: '5.1.30-community'  socket: ''  port: 3306  MySQL Community Server (GPL)
100720 13:52:35  InnoDB: Started; log sequence number 0 46419
100720 13:52:35 [Note] Event Scheduler: Loaded 0 events
100720 13:52:35 [Note] mysql\bin\mysqld.exe: ready for connections.
Version: '5.1.30-community'  socket: ''  port: 3306  MySQL Community Server (GPL)
100720 13:53:06  InnoDB: Operating system error number 32 in a file operation.
InnoDB: The error means that another program is using InnoDB's files.
InnoDB: This might be a backup or antivirus software or another instance
InnoDB: of MySQL. Please close it to get rid of this error.
100720 13:53:16  InnoDB: Operating system error number 32 in a file operation.
InnoDB: The error means that another program is using InnoDB's files.
InnoDB: This might be a backup or antivirus software or another instance
InnoDB: of MySQL. Please close it to get rid of this error.
100720 13:53:26  InnoDB: Operating system error number 32 in a file operation.
InnoDB: The error means that another program is using InnoDB's files.
InnoDB: This might be a backup or antivirus software or another instance
InnoDB: of MySQL. Please close it to get rid of this error.
100720 13:53:36  InnoDB: Operating system error number 32 in a file operation.
InnoDB: The error means that another program is using InnoDB's files.
InnoDB: This might be a backup or antivirus software or another instance
InnoDB: of MySQL. Please close it to get rid of this error.
100720 13:53:46  InnoDB: Operating system error number 32 in a file operation.
InnoDB: The error means that another program is using InnoDB's files.
InnoDB: This might be a backup or antivirus software or another instance
InnoDB: of MySQL. Please close it to get rid of this error.
100720 13:53:56  InnoDB: Operating system error number 32 in a file operation.
InnoDB: The error means that another program is using InnoDB's files.
InnoDB: This might be a backup or antivirus software or another instance
InnoDB: of MySQL. Please close it to get rid of this error.
100720 13:54:06  InnoDB: Operating system error number 32 in a file operation.
InnoDB: The error means that another program is using InnoDB's files.
InnoDB: This might be a backup or antivirus software or another instance
InnoDB: of MySQL. Please close it to get rid of this error.
100720 13:54:16  InnoDB: Operating system error number 32 in a file operation.
InnoDB: The error means that another program is using InnoDB's files.
InnoDB: This might be a backup or antivirus software or another instance
InnoDB: of MySQL. Please close it to get rid of this error.
100720 13:54:26  InnoDB: Operating system error number 32 in a file operation.
InnoDB: The error means that another program is using InnoDB's files.
InnoDB: This might be a backup or antivirus software or another instance
InnoDB: of MySQL. Please close it to get rid of this error.
100720 13:54:36  InnoDB: Operating system error number 32 in a file operation.
InnoDB: The error means that another program is using InnoDB's files.
InnoDB: This might be a backup or antivirus software or another instance
InnoDB: of MySQL. Please close it to get rid of this error.
100720 13:54:46  InnoDB: Operating system error number 32 in a file operation.
InnoDB: The error means that another program is using InnoDB's files.
InnoDB: This might be a backup or antivirus software or another instance
InnoDB: of MySQL. Please close it to get rid of this error.
100720 13:54:56  InnoDB: Operating system error number 32 in a file operation.
InnoDB: The error means that another program is using InnoDB's files.
InnoDB: This might be a backup or antivirus software or another instance
InnoDB: of MySQL. Please close it to get rid of this error.
100720 13:55:06  InnoDB: Operating system error number 32 in a file operation.
InnoDB: The error means that another program is using InnoDB's files.
InnoDB: This might be a backup or antivirus software or another instance
InnoDB: of MySQL. Please close it to get rid of this error.
100720 13:55:16  InnoDB: Operating system error number 32 in a file operation.
InnoDB: The error means that another program is using InnoDB's files.
InnoDB: This might be a backup or antivirus software or another instance
InnoDB: of MySQL. Please close it to get rid of this error.
100720 13:55:26  InnoDB: Operating system error number 32 in a file operation.
InnoDB: The error means that another program is using InnoDB's files.
InnoDB: This might be a backup or antivirus software or another instance
InnoDB: of MySQL. Please close it to get rid of this error.
100720 13:55:36  InnoDB: Operating system error number 32 in a file operation.
InnoDB: The error means that another program is using InnoDB's files.
InnoDB: This might be a backup or antivirus software or another instance
InnoDB: of MySQL. Please close it to get rid of this error.
100720 13:55:46  InnoDB: Operating system error number 32 in a file operation.
InnoDB: The error means that another program is using InnoDB's files.
InnoDB: This might be a backup or antivirus software or another instance
InnoDB: of MySQL. Please close it to get rid of this error.
100720 13:55:56  InnoDB: Operating system error number 32 in a file operation.
InnoDB: The error means that another program is using InnoDB's files.
InnoDB: This might be a backup or antivirus software or another instance
InnoDB: of MySQL. Please close it to get rid of this error.
100720 13:56:06  InnoDB: Operating system error number 32 in a file operation.
InnoDB: The error means that another program is using InnoDB's files.
InnoDB: This might be a backup or antivirus software or another instance
InnoDB: of MySQL. Please close it to get rid of this error.
100720 13:56:16  InnoDB: Operating system error number 32 in a file operation.
InnoDB: The error means that another program is using InnoDB's files.
InnoDB: This might be a backup or antivirus software or another instance
InnoDB: of MySQL. Please close it to get rid of this error.
100720 13:56:26  InnoDB: Operating system error number 32 in a file operation.
InnoDB: The error means that another program is using InnoDB's files.
InnoDB: This might be a backup or antivirus software or another instance
InnoDB: of MySQL. Please close it to get rid of this error.
100720 13:56:36  InnoDB: Operating system error number 32 in a file operation.
InnoDB: The error means that another program is using InnoDB's files.
InnoDB: This might be a backup or antivirus software or another instance
InnoDB: of MySQL. Please close it to get rid of this error.
100720 13:56:46  InnoDB: Operating system error number 32 in a file operation.
InnoDB: The error means that another program is using InnoDB's files.
InnoDB: This might be a backup or antivirus software or another instance
InnoDB: of MySQL. Please close it to get rid of this error.
100720 13:56:56  InnoDB: Operating system error number 32 in a file operation.
InnoDB: The error means that another program is using InnoDB's files.
InnoDB: This might be a backup or antivirus software or another instance
InnoDB: of MySQL. Please close it to get rid of this error.
100720 13:57:06  InnoDB: Operating system error number 32 in a file operation.
InnoDB: The error means that another program is using InnoDB's files.
InnoDB: This might be a backup or antivirus software or another instance
InnoDB: of MySQL. Please close it to get rid of this error.
100720 13:57:16  InnoDB: Operating system error number 32 in a file operation.
InnoDB: The error means that another program is using InnoDB's files.
InnoDB: This might be a backup or antivirus software or another instance
InnoDB: of MySQL. Please close it to get rid of this error.
100720 13:57:26  InnoDB: Operating system error number 32 in a file operation.
InnoDB: The error means that another program is using InnoDB's files.
InnoDB: This might be a backup or antivirus software or another instance
InnoDB: of MySQL. Please close it to get rid of this error.
100720 13:57:36  InnoDB: Operating system error number 32 in a file operation.
InnoDB: The error means that another program is using InnoDB's files.
InnoDB: This might be a backup or antivirus software or another instance
InnoDB: of MySQL. Please close it to get rid of this error.
100720 13:57:46  InnoDB: Operating system error number 32 in a file operation.
InnoDB: The error means that another program is using InnoDB's files.
InnoDB: This might be a backup or antivirus software or another instance
InnoDB: of MySQL. Please close it to get rid of this error.
100720 13:57:56  InnoDB: Operating system error number 32 in a file operation.
InnoDB: The error means that another program is using InnoDB's files.
InnoDB: This might be a backup or antivirus software or another instance
InnoDB: of MySQL. Please close it to get rid of this error.
100720 13:59:36  InnoDB: Started; log sequence number 0 46419
100720 13:59:36 [Note] Event Scheduler: Loaded 0 events
100720 13:59:36 [Note] mysql\bin\mysqld.exe: ready for connections.
Version: '5.1.30-community'  socket: ''  port: 3306  MySQL Community Server (GPL)
100720 13:59:50  InnoDB: Operating system error number 32 in a file operation.
InnoDB: The error means that another program is using InnoDB's files.
InnoDB: This might be a backup or antivirus software or another instance
InnoDB: of MySQL. Please close it to get rid of this error.
100720 14:00:00  InnoDB: Operating system error number 32 in a file operation.
InnoDB: The error means that another program is using InnoDB's files.
InnoDB: This might be a backup or antivirus software or another instance
InnoDB: of MySQL. Please close it to get rid of this error.
100720 14:00:10  InnoDB: Operating system error number 32 in a file operation.
InnoDB: The error means that another program is using InnoDB's files.
InnoDB: This might be a backup or antivirus software or another instance
InnoDB: of MySQL. Please close it to get rid of this error.
100720 14:00:20  InnoDB: Operating system error number 32 in a file operation.
InnoDB: The error means that another program is using InnoDB's files.
InnoDB: This might be a backup or antivirus software or another instance
InnoDB: of MySQL. Please close it to get rid of this error.
100720 14:00:30  InnoDB: Operating system error number 32 in a file operation.
InnoDB: The error means that another program is using InnoDB's files.
InnoDB: This might be a backup or antivirus software or another instance
InnoDB: of MySQL. Please close it to get rid of this error.
100720 14:00:34  InnoDB: Operating system error number 32 in a file operation.
InnoDB: The error means that another program is using InnoDB's files.
InnoDB: This might be a backup or antivirus software or another instance
InnoDB: of MySQL. Please close it to get rid of this error.
100720 14:00:40  InnoDB: Operating system error number 32 in a file operation.
InnoDB: The error means that another program is using InnoDB's files.
InnoDB: This might be a backup or antivirus software or another instance
InnoDB: of MySQL. Please close it to get rid of this error.
100720 14:00:44  InnoDB: Operating system error number 32 in a file operation.
InnoDB: The error means that another program is using InnoDB's files.
InnoDB: This might be a backup or antivirus software or another instance
InnoDB: of MySQL. Please close it to get rid of this error.
100720 14:00:50  InnoDB: Operating system error number 32 in a file operation.
InnoDB: The error means that another program is using InnoDB's files.
InnoDB: This might be a backup or antivirus software or another instance
InnoDB: of MySQL. Please close it to get rid of this error.
100720 14:00:54  InnoDB: Operating system error number 32 in a file operation.
InnoDB: The error means that another program is using InnoDB's files.
InnoDB: This might be a backup or antivirus software or another instance
InnoDB: of MySQL. Please close it to get rid of this error.
100720 14:01:00  InnoDB: Operating system error number 32 in a file operation.
InnoDB: The error means that another program is using InnoDB's files.
InnoDB: This might be a backup or antivirus software or another instance
InnoDB: of MySQL. Please close it to get rid of this error.
100720 14:01:04  InnoDB: Operating system error number 32 in a file operation.
InnoDB: The error means that another program is using InnoDB's files.
InnoDB: This might be a backup or antivirus software or another instance
InnoDB: of MySQL. Please close it to get rid of this error.
100720 14:01:10  InnoDB: Operating system error number 32 in a file operation.
InnoDB: The error means that another program is using InnoDB's files.
InnoDB: This might be a backup or antivirus software or another instance
InnoDB: of MySQL. Please close it to get rid of this error.
100720 14:01:14  InnoDB: Operating system error number 32 in a file operation.
InnoDB: The error means that another program is using InnoDB's files.
InnoDB: This might be a backup or antivirus software or another instance
InnoDB: of MySQL. Please close it to get rid of this error.
100720 14:01:20  InnoDB: Operating system error number 32 in a file operation.
InnoDB: The error means that another program is using InnoDB's files.
InnoDB: This might be a backup or antivirus software or another instance
InnoDB: of MySQL. Please close it to get rid of this error.
100720 14:01:25  InnoDB: Operating system error number 32 in a file operation.
InnoDB: The error means that another program is using InnoDB's files.
InnoDB: This might be a backup or antivirus software or another instance
InnoDB: of MySQL. Please close it to get rid of this error.
100720 14:01:30  InnoDB: Operating system error number 32 in a file operation.
InnoDB: The error means that another program is using InnoDB's files.
InnoDB: This might be a backup or antivirus software or another instance
InnoDB: of MySQL. Please close it to get rid of this error.
100720 14:01:35  InnoDB: Operating system error number 32 in a file operation.
InnoDB: The error means that another program is using InnoDB's files.
InnoDB: This might be a backup or antivirus software or another instance
InnoDB: of MySQL. Please close it to get rid of this error.
100720 14:01:40  InnoDB: Operating system error number 32 in a file operation.
InnoDB: The error means that another program is using InnoDB's files.
InnoDB: This might be a backup or antivirus software or another instance
InnoDB: of MySQL. Please close it to get rid of this error.
100720 14:01:45  InnoDB: Operating system error number 32 in a file operation.
InnoDB: The error means that another program is using InnoDB's files.
InnoDB: This might be a backup or antivirus software or another instance
InnoDB: of MySQL. Please close it to get rid of this error.
100720 14:01:50  InnoDB: Operating system error number 32 in a file operation.
InnoDB: The error means that another program is using InnoDB's files.
InnoDB: This might be a backup or antivirus software or another instance
InnoDB: of MySQL. Please close it to get rid of this error.
100720 14:02:10  InnoDB: Started; log sequence number 0 46419
100720 14:02:10 [Note] Event Scheduler: Loaded 0 events
100720 14:02:10 [Note] mysql\bin\mysqld.exe: ready for connections.
Version: '5.1.30-community'  socket: ''  port: 3306  MySQL Community Server (GPL)
100720 14:04:17  InnoDB: Started; log sequence number 0 46419
100720 14:04:17 [Note] Event Scheduler: Loaded 0 events
100720 14:04:17 [Note] mysql\bin\mysqld.exe: ready for connections.
Version: '5.1.30-community'  socket: ''  port: 3306  MySQL Community Server (GPL)
100720 13:07:32  InnoDB: Started; log sequence number 0 46419
100720 13:07:32 [Note] Event Scheduler: Loaded 0 events
100720 13:07:32 [Note] mysql\bin\mysqld.exe: ready for connections.
Version: '5.1.30-community'  socket: ''  port: 3306  MySQL Community Server (GPL)
100720 13:19:50  InnoDB: Started; log sequence number 0 46419
100720 13:19:51 [Note] Event Scheduler: Loaded 0 events
100720 13:19:51 [Note] mysql\bin\mysqld.exe: ready for connections.
Version: '5.1.30-community'  socket: ''  port: 3306  MySQL Community Server (GPL)
100720 13:28:31  InnoDB: Started; log sequence number 0 46419
100720 13:28:31 [Note] Event Scheduler: Loaded 0 events
100720 13:28:31 [Note] mysql\bin\mysqld.exe: ready for connections.
Version: '5.1.30-community'  socket: ''  port: 3306  MySQL Community Server (GPL)
100720 13:34:50  InnoDB: Started; log sequence number 0 46419
100720 13:34:50 [Note] Event Scheduler: Loaded 0 events
100720 13:34:50 [Note] mysql\bin\mysqld.exe: ready for connections.
Version: '5.1.30-community'  socket: ''  port: 3306  MySQL Community Server (GPL)
100720 13:39:10  InnoDB: Started; log sequence number 0 46419
100720 13:39:10 [Note] Event Scheduler: Loaded 0 events
100720 13:39:10 [Note] mysql\bin\mysqld.exe: ready for connections.
Version: '5.1.30-community'  socket: ''  port: 3306  MySQL Community Server (GPL)
100720 13:40:45  InnoDB: Started; log sequence number 0 46419
100720 13:40:45 [Note] Event Scheduler: Loaded 0 events
100720 13:40:45 [Note] mysql\bin\mysqld.exe: ready for connections.
Version: '5.1.30-community'  socket: ''  port: 3306  MySQL Community Server (GPL)
100720 13:43:20  InnoDB: Started; log sequence number 0 46419
100720 13:43:20 [Note] Event Scheduler: Loaded 0 events
100720 13:43:20 [Note] mysql\bin\mysqld.exe: ready for connections.
Version: '5.1.30-community'  socket: ''  port: 3306  MySQL Community Server (GPL)
100720 13:43:55  InnoDB: Started; log sequence number 0 46419
100720 13:43:55 [Note] Event Scheduler: Loaded 0 events
100720 13:43:55 [Note] mysql\bin\mysqld.exe: ready for connections.
Version: '5.1.30-community'  socket: ''  port: 3306  MySQL Community Server (GPL)
100720 13:45:53  InnoDB: Started; log sequence number 0 46419
100720 13:45:53 [Note] Event Scheduler: Loaded 0 events
100720 13:45:53 [Note] mysql\bin\mysqld.exe: ready for connections.
Version: '5.1.30-community'  socket: ''  port: 3306  MySQL Community Server (GPL)
100720 13:48:36  InnoDB: Started; log sequence number 0 46419
100720 13:48:36 [Note] Event Scheduler: Loaded 0 events
100720 13:48:36 [Note] mysql\bin\mysqld.exe: ready for connections.
Version: '5.1.30-community'  socket: ''  port: 3306  MySQL Community Server (GPL)
100720 13:51:09  InnoDB: Started; log sequence number 0 46419
100720 13:51:09 [Note] Event Scheduler: Loaded 0 events
100720 13:51:09 [Note] mysql\bin\mysqld.exe: ready for connections.
Version: '5.1.30-community'  socket: ''  port: 3306  MySQL Community Server (GPL)
100720 13:55:28  InnoDB: Started; log sequence number 0 46419
100720 13:55:28 [Note] Event Scheduler: Loaded 0 events
100720 13:55:28 [Note] mysql\bin\mysqld.exe: ready for connections.
Version: '5.1.30-community'  socket: ''  port: 3306  MySQL Community Server (GPL)
100720 13:56:45  InnoDB: Started; log sequence number 0 46419
100720 13:56:45 [Note] Event Scheduler: Loaded 0 events
100720 13:56:45 [Note] mysql\bin\mysqld.exe: ready for connections.
Version: '5.1.30-community'  socket: ''  port: 3306  MySQL Community Server (GPL)
100720 13:58:17  InnoDB: Started; log sequence number 0 46419
100720 13:58:17 [Note] Event Scheduler: Loaded 0 events
100720 13:58:17 [Note] mysql\bin\mysqld.exe: ready for connections.
Version: '5.1.30-community'  socket: ''  port: 3306  MySQL Community Server (GPL)
100722 13:15:02  InnoDB: Started; log sequence number 0 46419
100722 13:15:03 [Note] Event Scheduler: Loaded 0 events
100722 13:15:03 [Note] mysql\bin\mysqld.exe: ready for connections.
Version: '5.1.30-community'  socket: ''  port: 3306  MySQL Community Server (GPL)
100724 12:40:25  InnoDB: Started; log sequence number 0 46419
100724 12:40:31 [Note] Event Scheduler: Loaded 0 events
100724 12:40:31 [Note] mysql\bin\mysqld.exe: ready for connections.
Version: '5.1.30-community'  socket: ''  port: 3306  MySQL Community Server (GPL)
100726 18:37:16  InnoDB: Started; log sequence number 0 46419
100726 18:37:20 [Note] Event Scheduler: Loaded 0 events
100726 18:37:20 [Note] mysql\bin\mysqld.exe: ready for connections.
Version: '5.1.30-community'  socket: ''  port: 3306  MySQL Community Server (GPL)
100726 18:51:40  InnoDB: Started; log sequence number 0 46419
100726 18:51:41 [Note] Event Scheduler: Loaded 0 events
100726 18:51:41 [Note] mysql\bin\mysqld.exe: ready for connections.
Version: '5.1.30-community'  socket: ''  port: 3306  MySQL Community Server (GPL)
100726 19:01:42  InnoDB: Started; log sequence number 0 46419
100726 19:01:42 [Note] Event Scheduler: Loaded 0 events
100726 19:01:42 [Note] mysql\bin\mysqld.exe: ready for connections.
Version: '5.1.30-community'  socket: ''  port: 3306  MySQL Community Server (GPL)
100726 19:04:47  InnoDB: Started; log sequence number 0 46419
100726 19:04:47 [Note] Event Scheduler: Loaded 0 events
100726 19:04:47 [Note] mysql\bin\mysqld.exe: ready for connections.
Version: '5.1.30-community'  socket: ''  port: 3306  MySQL Community Server (GPL)
100726 19:13:31  InnoDB: Started; log sequence number 0 46419
100726 19:13:31 [Note] Event Scheduler: Loaded 0 events
100726 19:13:31 [Note] mysql\bin\mysqld.exe: ready for connections.
Version: '5.1.30-community'  socket: ''  port: 3306  MySQL Community Server (GPL)
100726 19:18:16  InnoDB: Started; log sequence number 0 46419
100726 19:18:16 [Note] Event Scheduler: Loaded 0 events
100726 19:18:16 [Note] mysql\bin\mysqld.exe: ready for connections.
Version: '5.1.30-community'  socket: ''  port: 3306  MySQL Community Server (GPL)
100726 19:38:55  InnoDB: Started; log sequence number 0 46419
100726 19:38:55 [Note] Event Scheduler: Loaded 0 events
100726 19:38:55 [Note] mysql\bin\mysqld.exe: ready for connections.
Version: '5.1.30-community'  socket: ''  port: 3306  MySQL Community Server (GPL)
100726 19:43:47  InnoDB: Started; log sequence number 0 46419
100726 19:43:47 [Note] Event Scheduler: Loaded 0 events
100726 19:43:47 [Note] mysql\bin\mysqld.exe: ready for connections.
Version: '5.1.30-community'  socket: ''  port: 3306  MySQL Community Server (GPL)
100726 19:46:10  InnoDB: Started; log sequence number 0 46419
100726 19:46:10 [Note] Event Scheduler: Loaded 0 events
100726 19:46:10 [Note] mysql\bin\mysqld.exe: ready for connections.
Version: '5.1.30-community'  socket: ''  port: 3306  MySQL Community Server (GPL)
100726 19:48:02  InnoDB: Started; log sequence number 0 46419
100726 19:48:02 [Note] Event Scheduler: Loaded 0 events
100726 19:48:02 [Note] mysql\bin\mysqld.exe: ready for connections.
Version: '5.1.30-community'  socket: ''  port: 3306  MySQL Community Server (GPL)
100726 19:49:05  InnoDB: Started; log sequence number 0 46419
100726 19:49:05 [Note] Event Scheduler: Loaded 0 events
100726 19:49:05 [Note] mysql\bin\mysqld.exe: ready for connections.
Version: '5.1.30-community'  socket: ''  port: 3306  MySQL Community Server (GPL)
100728 16:58:35  InnoDB: Started; log sequence number 0 46419
100728 16:58:37 [Note] Event Scheduler: Loaded 0 events
100728 16:58:37 [Note] mysql\bin\mysqld.exe: ready for connections.
Version: '5.1.30-community'  socket: ''  port: 3306  MySQL Community Server (GPL)
100728  8:02:57  InnoDB: Started; log sequence number 0 46419
100728  8:02:58 [Note] Event Scheduler: Loaded 0 events
100728  8:02:59 [Note] mysql\bin\mysqld.exe: ready for connections.
Version: '5.1.30-community'  socket: ''  port: 3306  MySQL Community Server (GPL)
100728  7:03:55  InnoDB: Started; log sequence number 0 46419
100728  7:03:56 [Note] Event Scheduler: Loaded 0 events
100728  7:03:56 [Note] mysql\bin\mysqld.exe: ready for connections.
Version: '5.1.30-community'  socket: ''  port: 3306  MySQL Community Server (GPL)
100728  7:05:13  InnoDB: Started; log sequence number 0 46419
100728  7:05:13 [Note] Event Scheduler: Loaded 0 events
100728  7:05:13 [Note] mysql\bin\mysqld.exe: ready for connections.
Version: '5.1.30-community'  socket: ''  port: 3306  MySQL Community Server (GPL)
100728  7:06:51  InnoDB: Started; log sequence number 0 46419
100728  7:06:51 [Note] Event Scheduler: Loaded 0 events
100728  7:06:51 [Note] mysql\bin\mysqld.exe: ready for connections.
Version: '5.1.30-community'  socket: ''  port: 3306  MySQL Community Server (GPL)
100728  7:07:10  InnoDB: Started; log sequence number 0 46419
100728  7:07:10 [Note] Event Scheduler: Loaded 0 events
100728  7:07:10 [Note] mysql\bin\mysqld.exe: ready for connections.
Version: '5.1.30-community'  socket: ''  port: 3306  MySQL Community Server (GPL)
100728  7:12:35  InnoDB: Started; log sequence number 0 46419
100728  7:12:36 [Note] Event Scheduler: Loaded 0 events
100728  7:12:36 [Note] mysql\bin\mysqld.exe: ready for connections.
Version: '5.1.30-community'  socket: ''  port: 3306  MySQL Community Server (GPL)
100728  7:17:43  InnoDB: Started; log sequence number 0 46419
100728  7:17:47 [Note] Event Scheduler: Loaded 0 events
100728  7:17:47 [Note] mysql\bin\mysqld.exe: ready for connections.
Version: '5.1.30-community'  socket: ''  port: 3306  MySQL Community Server (GPL)
100728  7:19:25  InnoDB: Started; log sequence number 0 46419
100728  7:19:25 [Note] Event Scheduler: Loaded 0 events
100728  7:19:25 [Note] mysql\bin\mysqld.exe: ready for connections.
Version: '5.1.30-community'  socket: ''  port: 3306  MySQL Community Server (GPL)
100728  7:23:52  InnoDB: Started; log sequence number 0 46419
100728  7:23:55 [Note] Event Scheduler: Loaded 0 events
100728  7:23:55 [Note] mysql\bin\mysqld.exe: ready for connections.
Version: '5.1.30-community'  socket: ''  port: 3306  MySQL Community Server (GPL)
100728  7:27:48  InnoDB: Started; log sequence number 0 46419
100728  7:27:51 [Note] Event Scheduler: Loaded 0 events
100728  7:27:51 [Note] mysql\bin\mysqld.exe: ready for connections.
Version: '5.1.30-community'  socket: ''  port: 3306  MySQL Community Server (GPL)
100728  7:36:55  InnoDB: Started; log sequence number 0 46419
100728  7:36:59 [Note] Event Scheduler: Loaded 0 events
100728  7:36:59 [Note] mysql\bin\mysqld.exe: ready for connections.
Version: '5.1.30-community'  socket: ''  port: 3306  MySQL Community Server (GPL)
100728 17:42:42  InnoDB: Started; log sequence number 0 46419
100728 17:42:45 [Note] Event Scheduler: Loaded 0 events
100728 17:42:45 [Note] mysql\bin\mysqld.exe: ready for connections.
Version: '5.1.30-community'  socket: ''  port: 3306  MySQL Community Server (GPL)
100728 17:44:15  InnoDB: Started; log sequence number 0 46419
100728 17:44:15 [Note] Event Scheduler: Loaded 0 events
100728 17:44:15 [Note] mysql\bin\mysqld.exe: ready for connections.
Version: '5.1.30-community'  socket: ''  port: 3306  MySQL Community Server (GPL)
100728 17:59:16  InnoDB: Started; log sequence number 0 46419
100728 17:59:18 [Note] Event Scheduler: Loaded 0 events
100728 17:59:18 [Note] mysql\bin\mysqld.exe: ready for connections.
Version: '5.1.30-community'  socket: ''  port: 3306  MySQL Community Server (GPL)
100728 18:00:11  InnoDB: Started; log sequence number 0 46419
100728 18:00:11 [Note] Event Scheduler: Loaded 0 events
100728 18:00:11 [Note] mysql\bin\mysqld.exe: ready for connections.
Version: '5.1.30-community'  socket: ''  port: 3306  MySQL Community Server (GPL)
100728 18:00:43  InnoDB: Operating system error number 32 in a file operation.
InnoDB: The error means that another program is using InnoDB's files.
InnoDB: This might be a backup or antivirus software or another instance
InnoDB: of MySQL. Please close it to get rid of this error.
100728 18:00:54  InnoDB: Operating system error number 32 in a file operation.
InnoDB: The error means that another program is using InnoDB's files.
InnoDB: This might be a backup or antivirus software or another instance
InnoDB: of MySQL. Please close it to get rid of this error.
100729 16:33:03  InnoDB: Started; log sequence number 0 46419
100729 16:33:05 [Note] Event Scheduler: Loaded 0 events
100729 16:33:05 [Note] mysql\bin\mysqld.exe: ready for connections.
Version: '5.1.30-community'  socket: ''  port: 3306  MySQL Community Server (GPL)
100729 11:39:33  InnoDB: Started; log sequence number 0 46419
100729 11:39:35 [Note] Event Scheduler: Loaded 0 events
100729 11:39:35 [Note] mysql\bin\mysqld.exe: ready for connections.
Version: '5.1.30-community'  socket: ''  port: 3306  MySQL Community Server (GPL)
100729 11:49:40  InnoDB: Started; log sequence number 0 46419
100729 11:49:43 [Note] Event Scheduler: Loaded 0 events
100729 11:49:43 [Note] mysql\bin\mysqld.exe: ready for connections.
Version: '5.1.30-community'  socket: ''  port: 3306  MySQL Community Server (GPL)
100729 11:51:32  InnoDB: Started; log sequence number 0 46419
100729 11:51:33 [Note] Event Scheduler: Loaded 0 events
100729 11:51:33 [Note] mysql\bin\mysqld.exe: ready for connections.
Version: '5.1.30-community'  socket: ''  port: 3306  MySQL Community Server (GPL)
100729  0:54:23  InnoDB: Started; log sequence number 0 46419
100729  0:54:24 [Note] Event Scheduler: Loaded 0 events
100729  0:54:24 [Note] mysql\bin\mysqld.exe: ready for connections.
Version: '5.1.30-community'  socket: ''  port: 3306  MySQL Community Server (GPL)
100729  1:00:25  InnoDB: Started; log sequence number 0 46419
100729  1:00:27 [Note] Event Scheduler: Loaded 0 events
100729  1:00:27 [Note] mysql\bin\mysqld.exe: ready for connections.
Version: '5.1.30-community'  socket: ''  port: 3306  MySQL Community Server (GPL)
100730 11:57:11  InnoDB: Started; log sequence number 0 46419
100730 11:57:12 [Note] Event Scheduler: Loaded 0 events
100730 11:57:12 [Note] mysql\bin\mysqld.exe: ready for connections.
Version: '5.1.30-community'  socket: ''  port: 3306  MySQL Community Server (GPL)
100730 12:00:36  InnoDB: Started; log sequence number 0 46419
100730 12:00:42 [Note] Event Scheduler: Loaded 0 events
100730 12:00:42 [Note] mysql\bin\mysqld.exe: ready for connections.
Version: '5.1.30-community'  socket: ''  port: 3306  MySQL Community Server (GPL)
